CRITICAL - 2022-09-18 10:55:11 --> syntax error, unexpected '$query' (T_VARIABLE)
#0 /Applications/MAMP/htdocs/kasir/system/Autoloader/Autoloader.php(265): CodeIgniter\Autoloader\Autoloader->includeFile('/Applications/M...')
#1 /Applications/MAMP/htdocs/kasir/system/Autoloader/Autoloader.php(228): CodeIgniter\Autoloader\Autoloader->loadInNamespace('App\\Models\\getM...')
#2 [internal function]: CodeIgniter\Autoloader\Autoloader->loadClass('App\\Models\\getM...')
#3 /Applications/MAMP/htdocs/kasir/app/Controllers/Auth.php(13): spl_autoload_call('App\\Models\\getM...')
#4 /Applications/MAMP/htdocs/kasir/system/CodeIgniter.php(908): App\Controllers\Auth->__construct()
#5 /Applications/MAMP/htdocs/kasir/system/CodeIgniter.php(422): CodeIgniter\CodeIgniter->createController()
#6 /Applications/MAMP/htdocs/kasir/system/CodeIgniter.php(333): CodeIgniter\CodeIgniter->handleRequest(NULL, Object(Config\Cache), false)
#7 /Applications/MAMP/htdocs/kasir/index.php(43): CodeIgniter\CodeIgniter->run()
#8 {main}
CRITICAL - 2022-09-18 10:55:24 --> syntax error, unexpected '$query' (T_VARIABLE)
#0 /Applications/MAMP/htdocs/kasir/system/Autoloader/Autoloader.php(265): CodeIgniter\Autoloader\Autoloader->includeFile('/Applications/M...')
#1 /Applications/MAMP/htdocs/kasir/system/Autoloader/Autoloader.php(228): CodeIgniter\Autoloader\Autoloader->loadInNamespace('App\\Models\\getM...')
#2 [internal function]: CodeIgniter\Autoloader\Autoloader->loadClass('App\\Models\\getM...')
#3 /Applications/MAMP/htdocs/kasir/app/Controllers/Auth.php(13): spl_autoload_call('App\\Models\\getM...')
#4 /Applications/MAMP/htdocs/kasir/system/CodeIgniter.php(908): App\Controllers\Auth->__construct()
#5 /Applications/MAMP/htdocs/kasir/system/CodeIgniter.php(422): CodeIgniter\CodeIgniter->createController()
#6 /Applications/MAMP/htdocs/kasir/system/CodeIgniter.php(333): CodeIgniter\CodeIgniter->handleRequest(NULL, Object(Config\Cache), false)
#7 /Applications/MAMP/htdocs/kasir/index.php(43): CodeIgniter\CodeIgniter->run()
#8 {main}
CRITICAL - 2022-09-18 11:02:05 --> Empty statement is given for the field `Select`
#0 /Applications/MAMP/htdocs/kasir/system/Database/BaseBuilder.php(511): CodeIgniter\Database\Exceptions\DataException::forEmptyInputGiven('Select')
#1 /Applications/MAMP/htdocs/kasir/system/Database/BaseBuilder.php(418): CodeIgniter\Database\BaseBuilder->maxMinAvgSum('', '')
#2 /Applications/MAMP/htdocs/kasir/app/Models/getModel.php(76): CodeIgniter\Database\BaseBuilder->selectMax('')
#3 /Applications/MAMP/htdocs/kasir/app/Controllers/Transaksi.php(22): App\Models\getModel->getNoFaktur()
#4 /Applications/MAMP/htdocs/kasir/system/CodeIgniter.php(936): App\Controllers\Transaksi->pemasukan()
#5 /Applications/MAMP/htdocs/kasir/system/CodeIgniter.php(432): CodeIgniter\CodeIgniter->runController(Object(App\Controllers\Transaksi))
#6 /Applications/MAMP/htdocs/kasir/system/CodeIgniter.php(333): CodeIgniter\CodeIgniter->handleRequest(NULL, Object(Config\Cache), false)
#7 /Applications/MAMP/htdocs/kasir/index.php(43): CodeIgniter\CodeIgniter->run()
#8 {main}
ERROR - 2022-09-18 11:43:46 --> mysqli_sql_exception: Unknown column 'tbl_kategori.id' in 'on clause' in /Applications/MAMP/htdocs/kasir/system/Database/MySQLi/Connection.php:314
Stack trace:
#0 /Applications/MAMP/htdocs/kasir/system/Database/MySQLi/Connection.php(314): mysqli->query('SELECT *\nFROM `...')
#1 /Applications/MAMP/htdocs/kasir/system/Database/BaseConnection.php(685): CodeIgniter\Database\MySQLi\Connection->execute('SELECT *\nFROM `...')
#2 /Applications/MAMP/htdocs/kasir/system/Database/BaseConnection.php(621): CodeIgniter\Database\BaseConnection->simpleQuery('SELECT *\nFROM `...')
#3 /Applications/MAMP/htdocs/kasir/system/Database/BaseBuilder.php(1866): CodeIgniter\Database\BaseConnection->query('SELECT *\nFROM `...', Array, false)
#4 /Applications/MAMP/htdocs/kasir/app/Models/getModel.php(94): CodeIgniter\Database\BaseBuilder->get()
#5 /Applications/MAMP/htdocs/kasir/app/Controllers/Transaksi.php(34): App\Models\getModel->cekProduk('0001')
#6 /Applications/MAMP/htdocs/kasir/system/CodeIgniter.php(936): App\Controllers\Transaksi->CekProduk()
#7 /Applications/MAMP/htdocs/kasir/system/CodeIgniter.php(432): CodeIgniter\CodeIgniter->runController(Object(App\Controllers\Transaksi))
#8 /Applications/MAMP/htdocs/kasir/system/CodeIgniter.php(333): CodeIgniter\CodeIgniter->handleRequest(NULL, Object(Config\Cache), false)
#9 /Applications/MAMP/htdocs/kasir/index.php(43): CodeIgniter\CodeIgniter->run()
#10 {main}
CRITICAL - 2022-09-18 11:43:46 --> Unknown column 'tbl_kategori.id' in 'on clause'
#0 /Applications/MAMP/htdocs/kasir/system/Database/MySQLi/Connection.php(314): mysqli->query('SELECT *\nFROM `...')
#1 /Applications/MAMP/htdocs/kasir/system/Database/BaseConnection.php(685): CodeIgniter\Database\MySQLi\Connection->execute('SELECT *\nFROM `...')
#2 /Applications/MAMP/htdocs/kasir/system/Database/BaseConnection.php(621): CodeIgniter\Database\BaseConnection->simpleQuery('SELECT *\nFROM `...')
#3 /Applications/MAMP/htdocs/kasir/system/Database/BaseBuilder.php(1866): CodeIgniter\Database\BaseConnection->query('SELECT *\nFROM `...', Array, false)
#4 /Applications/MAMP/htdocs/kasir/app/Models/getModel.php(94): CodeIgniter\Database\BaseBuilder->get()
#5 /Applications/MAMP/htdocs/kasir/app/Controllers/Transaksi.php(34): App\Models\getModel->cekProduk('0001')
#6 /Applications/MAMP/htdocs/kasir/system/CodeIgniter.php(936): App\Controllers\Transaksi->CekProduk()
#7 /Applications/MAMP/htdocs/kasir/system/CodeIgniter.php(432): CodeIgniter\CodeIgniter->runController(Object(App\Controllers\Transaksi))
#8 /Applications/MAMP/htdocs/kasir/system/CodeIgniter.php(333): CodeIgniter\CodeIgniter->handleRequest(NULL, Object(Config\Cache), false)
#9 /Applications/MAMP/htdocs/kasir/index.php(43): CodeIgniter\CodeIgniter->run()
#10 {main}
ERROR - 2022-09-18 11:44:04 --> mysqli_sql_exception: Unknown column 'tbl_kategori.id' in 'on clause' in /Applications/MAMP/htdocs/kasir/system/Database/MySQLi/Connection.php:314
Stack trace:
#0 /Applications/MAMP/htdocs/kasir/system/Database/MySQLi/Connection.php(314): mysqli->query('SELECT *\nFROM `...')
#1 /Applications/MAMP/htdocs/kasir/system/Database/BaseConnection.php(685): CodeIgniter\Database\MySQLi\Connection->execute('SELECT *\nFROM `...')
#2 /Applications/MAMP/htdocs/kasir/system/Database/BaseConnection.php(621): CodeIgniter\Database\BaseConnection->simpleQuery('SELECT *\nFROM `...')
#3 /Applications/MAMP/htdocs/kasir/system/Database/BaseBuilder.php(1866): CodeIgniter\Database\BaseConnection->query('SELECT *\nFROM `...', Array, false)
#4 /Applications/MAMP/htdocs/kasir/app/Models/getModel.php(94): CodeIgniter\Database\BaseBuilder->get()
#5 /Applications/MAMP/htdocs/kasir/app/Controllers/Transaksi.php(34): App\Models\getModel->cekProduk('0001')
#6 /Applications/MAMP/htdocs/kasir/system/CodeIgniter.php(936): App\Controllers\Transaksi->CekProduk()
#7 /Applications/MAMP/htdocs/kasir/system/CodeIgniter.php(432): CodeIgniter\CodeIgniter->runController(Object(App\Controllers\Transaksi))
#8 /Applications/MAMP/htdocs/kasir/system/CodeIgniter.php(333): CodeIgniter\CodeIgniter->handleRequest(NULL, Object(Config\Cache), false)
#9 /Applications/MAMP/htdocs/kasir/index.php(43): CodeIgniter\CodeIgniter->run()
#10 {main}
CRITICAL - 2022-09-18 11:44:04 --> Unknown column 'tbl_kategori.id' in 'on clause'
#0 /Applications/MAMP/htdocs/kasir/system/Database/MySQLi/Connection.php(314): mysqli->query('SELECT *\nFROM `...')
#1 /Applications/MAMP/htdocs/kasir/system/Database/BaseConnection.php(685): CodeIgniter\Database\MySQLi\Connection->execute('SELECT *\nFROM `...')
#2 /Applications/MAMP/htdocs/kasir/system/Database/BaseConnection.php(621): CodeIgniter\Database\BaseConnection->simpleQuery('SELECT *\nFROM `...')
#3 /Applications/MAMP/htdocs/kasir/system/Database/BaseBuilder.php(1866): CodeIgniter\Database\BaseConnection->query('SELECT *\nFROM `...', Array, false)
#4 /Applications/MAMP/htdocs/kasir/app/Models/getModel.php(94): CodeIgniter\Database\BaseBuilder->get()
#5 /Applications/MAMP/htdocs/kasir/app/Controllers/Transaksi.php(34): App\Models\getModel->cekProduk('0001')
#6 /Applications/MAMP/htdocs/kasir/system/CodeIgniter.php(936): App\Controllers\Transaksi->CekProduk()
#7 /Applications/MAMP/htdocs/kasir/system/CodeIgniter.php(432): CodeIgniter\CodeIgniter->runController(Object(App\Controllers\Transaksi))
#8 /Applications/MAMP/htdocs/kasir/system/CodeIgniter.php(333): CodeIgniter\CodeIgniter->handleRequest(NULL, Object(Config\Cache), false)
#9 /Applications/MAMP/htdocs/kasir/index.php(43): CodeIgniter\CodeIgniter->run()
#10 {main}
ERROR - 2022-09-18 11:48:33 --> mysqli_sql_exception: Unknown column 'tbl_kategori.id' in 'on clause' in /Applications/MAMP/htdocs/kasir/system/Database/MySQLi/Connection.php:314
Stack trace:
#0 /Applications/MAMP/htdocs/kasir/system/Database/MySQLi/Connection.php(314): mysqli->query('SELECT *\nFROM `...')
#1 /Applications/MAMP/htdocs/kasir/system/Database/BaseConnection.php(685): CodeIgniter\Database\MySQLi\Connection->execute('SELECT *\nFROM `...')
#2 /Applications/MAMP/htdocs/kasir/system/Database/BaseConnection.php(621): CodeIgniter\Database\BaseConnection->simpleQuery('SELECT *\nFROM `...')
#3 /Applications/MAMP/htdocs/kasir/system/Database/BaseBuilder.php(1866): CodeIgniter\Database\BaseConnection->query('SELECT *\nFROM `...', Array, false)
#4 /Applications/MAMP/htdocs/kasir/app/Models/getModel.php(94): CodeIgniter\Database\BaseBuilder->get()
#5 /Applications/MAMP/htdocs/kasir/app/Controllers/Transaksi.php(34): App\Models\getModel->cekProduk('0001')
#6 /Applications/MAMP/htdocs/kasir/system/CodeIgniter.php(936): App\Controllers\Transaksi->CekProduk()
#7 /Applications/MAMP/htdocs/kasir/system/CodeIgniter.php(432): CodeIgniter\CodeIgniter->runController(Object(App\Controllers\Transaksi))
#8 /Applications/MAMP/htdocs/kasir/system/CodeIgniter.php(333): CodeIgniter\CodeIgniter->handleRequest(NULL, Object(Config\Cache), false)
#9 /Applications/MAMP/htdocs/kasir/index.php(43): CodeIgniter\CodeIgniter->run()
#10 {main}
CRITICAL - 2022-09-18 11:48:33 --> Unknown column 'tbl_kategori.id' in 'on clause'
#0 /Applications/MAMP/htdocs/kasir/system/Database/MySQLi/Connection.php(314): mysqli->query('SELECT *\nFROM `...')
#1 /Applications/MAMP/htdocs/kasir/system/Database/BaseConnection.php(685): CodeIgniter\Database\MySQLi\Connection->execute('SELECT *\nFROM `...')
#2 /Applications/MAMP/htdocs/kasir/system/Database/BaseConnection.php(621): CodeIgniter\Database\BaseConnection->simpleQuery('SELECT *\nFROM `...')
#3 /Applications/MAMP/htdocs/kasir/system/Database/BaseBuilder.php(1866): CodeIgniter\Database\BaseConnection->query('SELECT *\nFROM `...', Array, false)
#4 /Applications/MAMP/htdocs/kasir/app/Models/getModel.php(94): CodeIgniter\Database\BaseBuilder->get()
#5 /Applications/MAMP/htdocs/kasir/app/Controllers/Transaksi.php(34): App\Models\getModel->cekProduk('0001')
#6 /Applications/MAMP/htdocs/kasir/system/CodeIgniter.php(936): App\Controllers\Transaksi->CekProduk()
#7 /Applications/MAMP/htdocs/kasir/system/CodeIgniter.php(432): CodeIgniter\CodeIgniter->runController(Object(App\Controllers\Transaksi))
#8 /Applications/MAMP/htdocs/kasir/system/CodeIgniter.php(333): CodeIgniter\CodeIgniter->handleRequest(NULL, Object(Config\Cache), false)
#9 /Applications/MAMP/htdocs/kasir/index.php(43): CodeIgniter\CodeIgniter->run()
#10 {main}
ERROR - 2022-09-18 11:49:09 --> mysqli_sql_exception: Unknown column 'tbl_kategori.id' in 'on clause' in /Applications/MAMP/htdocs/kasir/system/Database/MySQLi/Connection.php:314
Stack trace:
#0 /Applications/MAMP/htdocs/kasir/system/Database/MySQLi/Connection.php(314): mysqli->query('SELECT *\nFROM `...')
#1 /Applications/MAMP/htdocs/kasir/system/Database/BaseConnection.php(685): CodeIgniter\Database\MySQLi\Connection->execute('SELECT *\nFROM `...')
#2 /Applications/MAMP/htdocs/kasir/system/Database/BaseConnection.php(621): CodeIgniter\Database\BaseConnection->simpleQuery('SELECT *\nFROM `...')
#3 /Applications/MAMP/htdocs/kasir/system/Database/BaseBuilder.php(1866): CodeIgniter\Database\BaseConnection->query('SELECT *\nFROM `...', Array, false)
#4 /Applications/MAMP/htdocs/kasir/app/Models/getModel.php(94): CodeIgniter\Database\BaseBuilder->get()
#5 /Applications/MAMP/htdocs/kasir/app/Controllers/Transaksi.php(34): App\Models\getModel->cekProduk('0001')
#6 /Applications/MAMP/htdocs/kasir/system/CodeIgniter.php(936): App\Controllers\Transaksi->CekProduk()
#7 /Applications/MAMP/htdocs/kasir/system/CodeIgniter.php(432): CodeIgniter\CodeIgniter->runController(Object(App\Controllers\Transaksi))
#8 /Applications/MAMP/htdocs/kasir/system/CodeIgniter.php(333): CodeIgniter\CodeIgniter->handleRequest(NULL, Object(Config\Cache), false)
#9 /Applications/MAMP/htdocs/kasir/index.php(43): CodeIgniter\CodeIgniter->run()
#10 {main}
CRITICAL - 2022-09-18 11:49:09 --> Unknown column 'tbl_kategori.id' in 'on clause'
#0 /Applications/MAMP/htdocs/kasir/system/Database/MySQLi/Connection.php(314): mysqli->query('SELECT *\nFROM `...')
#1 /Applications/MAMP/htdocs/kasir/system/Database/BaseConnection.php(685): CodeIgniter\Database\MySQLi\Connection->execute('SELECT *\nFROM `...')
#2 /Applications/MAMP/htdocs/kasir/system/Database/BaseConnection.php(621): CodeIgniter\Database\BaseConnection->simpleQuery('SELECT *\nFROM `...')
#3 /Applications/MAMP/htdocs/kasir/system/Database/BaseBuilder.php(1866): CodeIgniter\Database\BaseConnection->query('SELECT *\nFROM `...', Array, false)
#4 /Applications/MAMP/htdocs/kasir/app/Models/getModel.php(94): CodeIgniter\Database\BaseBuilder->get()
#5 /Applications/MAMP/htdocs/kasir/app/Controllers/Transaksi.php(34): App\Models\getModel->cekProduk('0001')
#6 /Applications/MAMP/htdocs/kasir/system/CodeIgniter.php(936): App\Controllers\Transaksi->CekProduk()
#7 /Applications/MAMP/htdocs/kasir/system/CodeIgniter.php(432): CodeIgniter\CodeIgniter->runController(Object(App\Controllers\Transaksi))
#8 /Applications/MAMP/htdocs/kasir/system/CodeIgniter.php(333): CodeIgniter\CodeIgniter->handleRequest(NULL, Object(Config\Cache), false)
#9 /Applications/MAMP/htdocs/kasir/index.php(43): CodeIgniter\CodeIgniter->run()
#10 {main}
ERROR - 2022-09-18 11:51:22 --> mysqli_sql_exception: Unknown column 'tbl_kategori.id' in 'on clause' in /Applications/MAMP/htdocs/kasir/system/Database/MySQLi/Connection.php:314
Stack trace:
#0 /Applications/MAMP/htdocs/kasir/system/Database/MySQLi/Connection.php(314): mysqli->query('SELECT *\nFROM `...')
#1 /Applications/MAMP/htdocs/kasir/system/Database/BaseConnection.php(685): CodeIgniter\Database\MySQLi\Connection->execute('SELECT *\nFROM `...')
#2 /Applications/MAMP/htdocs/kasir/system/Database/BaseConnection.php(621): CodeIgniter\Database\BaseConnection->simpleQuery('SELECT *\nFROM `...')
#3 /Applications/MAMP/htdocs/kasir/system/Database/BaseBuilder.php(1866): CodeIgniter\Database\BaseConnection->query('SELECT *\nFROM `...', Array, false)
#4 /Applications/MAMP/htdocs/kasir/app/Models/getModel.php(94): CodeIgniter\Database\BaseBuilder->get()
#5 /Applications/MAMP/htdocs/kasir/app/Controllers/Transaksi.php(34): App\Models\getModel->cekProduk('0001')
#6 /Applications/MAMP/htdocs/kasir/system/CodeIgniter.php(936): App\Controllers\Transaksi->CekProduk()
#7 /Applications/MAMP/htdocs/kasir/system/CodeIgniter.php(432): CodeIgniter\CodeIgniter->runController(Object(App\Controllers\Transaksi))
#8 /Applications/MAMP/htdocs/kasir/system/CodeIgniter.php(333): CodeIgniter\CodeIgniter->handleRequest(NULL, Object(Config\Cache), false)
#9 /Applications/MAMP/htdocs/kasir/index.php(43): CodeIgniter\CodeIgniter->run()
#10 {main}
CRITICAL - 2022-09-18 11:51:22 --> Unknown column 'tbl_kategori.id' in 'on clause'
#0 /Applications/MAMP/htdocs/kasir/system/Database/MySQLi/Connection.php(314): mysqli->query('SELECT *\nFROM `...')
#1 /Applications/MAMP/htdocs/kasir/system/Database/BaseConnection.php(685): CodeIgniter\Database\MySQLi\Connection->execute('SELECT *\nFROM `...')
#2 /Applications/MAMP/htdocs/kasir/system/Database/BaseConnection.php(621): CodeIgniter\Database\BaseConnection->simpleQuery('SELECT *\nFROM `...')
#3 /Applications/MAMP/htdocs/kasir/system/Database/BaseBuilder.php(1866): CodeIgniter\Database\BaseConnection->query('SELECT *\nFROM `...', Array, false)
#4 /Applications/MAMP/htdocs/kasir/app/Models/getModel.php(94): CodeIgniter\Database\BaseBuilder->get()
#5 /Applications/MAMP/htdocs/kasir/app/Controllers/Transaksi.php(34): App\Models\getModel->cekProduk('0001')
#6 /Applications/MAMP/htdocs/kasir/system/CodeIgniter.php(936): App\Controllers\Transaksi->CekProduk()
#7 /Applications/MAMP/htdocs/kasir/system/CodeIgniter.php(432): CodeIgniter\CodeIgniter->runController(Object(App\Controllers\Transaksi))
#8 /Applications/MAMP/htdocs/kasir/system/CodeIgniter.php(333): CodeIgniter\CodeIgniter->handleRequest(NULL, Object(Config\Cache), false)
#9 /Applications/MAMP/htdocs/kasir/index.php(43): CodeIgniter\CodeIgniter->run()
#10 {main}
ERROR - 2022-09-18 11:51:47 --> mysqli_sql_exception: Unknown column 'tbl_kategori.id' in 'on clause' in /Applications/MAMP/htdocs/kasir/system/Database/MySQLi/Connection.php:314
Stack trace:
#0 /Applications/MAMP/htdocs/kasir/system/Database/MySQLi/Connection.php(314): mysqli->query('SELECT *\nFROM `...')
#1 /Applications/MAMP/htdocs/kasir/system/Database/BaseConnection.php(685): CodeIgniter\Database\MySQLi\Connection->execute('SELECT *\nFROM `...')
#2 /Applications/MAMP/htdocs/kasir/system/Database/BaseConnection.php(621): CodeIgniter\Database\BaseConnection->simpleQuery('SELECT *\nFROM `...')
#3 /Applications/MAMP/htdocs/kasir/system/Database/BaseBuilder.php(1866): CodeIgniter\Database\BaseConnection->query('SELECT *\nFROM `...', Array, false)
#4 /Applications/MAMP/htdocs/kasir/app/Models/getModel.php(94): CodeIgniter\Database\BaseBuilder->get()
#5 /Applications/MAMP/htdocs/kasir/app/Controllers/Transaksi.php(34): App\Models\getModel->cekProduk('0001')
#6 /Applications/MAMP/htdocs/kasir/system/CodeIgniter.php(936): App\Controllers\Transaksi->CekProduk()
#7 /Applications/MAMP/htdocs/kasir/system/CodeIgniter.php(432): CodeIgniter\CodeIgniter->runController(Object(App\Controllers\Transaksi))
#8 /Applications/MAMP/htdocs/kasir/system/CodeIgniter.php(333): CodeIgniter\CodeIgniter->handleRequest(NULL, Object(Config\Cache), false)
#9 /Applications/MAMP/htdocs/kasir/index.php(43): CodeIgniter\CodeIgniter->run()
#10 {main}
CRITICAL - 2022-09-18 11:51:47 --> Unknown column 'tbl_kategori.id' in 'on clause'
#0 /Applications/MAMP/htdocs/kasir/system/Database/MySQLi/Connection.php(314): mysqli->query('SELECT *\nFROM `...')
#1 /Applications/MAMP/htdocs/kasir/system/Database/BaseConnection.php(685): CodeIgniter\Database\MySQLi\Connection->execute('SELECT *\nFROM `...')
#2 /Applications/MAMP/htdocs/kasir/system/Database/BaseConnection.php(621): CodeIgniter\Database\BaseConnection->simpleQuery('SELECT *\nFROM `...')
#3 /Applications/MAMP/htdocs/kasir/system/Database/BaseBuilder.php(1866): CodeIgniter\Database\BaseConnection->query('SELECT *\nFROM `...', Array, false)
#4 /Applications/MAMP/htdocs/kasir/app/Models/getModel.php(94): CodeIgniter\Database\BaseBuilder->get()
#5 /Applications/MAMP/htdocs/kasir/app/Controllers/Transaksi.php(34): App\Models\getModel->cekProduk('0001')
#6 /Applications/MAMP/htdocs/kasir/system/CodeIgniter.php(936): App\Controllers\Transaksi->CekProduk()
#7 /Applications/MAMP/htdocs/kasir/system/CodeIgniter.php(432): CodeIgniter\CodeIgniter->runController(Object(App\Controllers\Transaksi))
#8 /Applications/MAMP/htdocs/kasir/system/CodeIgniter.php(333): CodeIgniter\CodeIgniter->handleRequest(NULL, Object(Config\Cache), false)
#9 /Applications/MAMP/htdocs/kasir/index.php(43): CodeIgniter\CodeIgniter->run()
#10 {main}
ERROR - 2022-09-18 11:51:58 --> mysqli_sql_exception: Unknown column 'tbl_kategori.id' in 'on clause' in /Applications/MAMP/htdocs/kasir/system/Database/MySQLi/Connection.php:314
Stack trace:
#0 /Applications/MAMP/htdocs/kasir/system/Database/MySQLi/Connection.php(314): mysqli->query('SELECT *\nFROM `...')
#1 /Applications/MAMP/htdocs/kasir/system/Database/BaseConnection.php(685): CodeIgniter\Database\MySQLi\Connection->execute('SELECT *\nFROM `...')
#2 /Applications/MAMP/htdocs/kasir/system/Database/BaseConnection.php(621): CodeIgniter\Database\BaseConnection->simpleQuery('SELECT *\nFROM `...')
#3 /Applications/MAMP/htdocs/kasir/system/Database/BaseBuilder.php(1866): CodeIgniter\Database\BaseConnection->query('SELECT *\nFROM `...', Array, false)
#4 /Applications/MAMP/htdocs/kasir/app/Models/getModel.php(94): CodeIgniter\Database\BaseBuilder->get()
#5 /Applications/MAMP/htdocs/kasir/app/Controllers/Transaksi.php(34): App\Models\getModel->cekProduk('0001')
#6 /Applications/MAMP/htdocs/kasir/system/CodeIgniter.php(936): App\Controllers\Transaksi->CekProduk()
#7 /Applications/MAMP/htdocs/kasir/system/CodeIgniter.php(432): CodeIgniter\CodeIgniter->runController(Object(App\Controllers\Transaksi))
#8 /Applications/MAMP/htdocs/kasir/system/CodeIgniter.php(333): CodeIgniter\CodeIgniter->handleRequest(NULL, Object(Config\Cache), false)
#9 /Applications/MAMP/htdocs/kasir/index.php(43): CodeIgniter\CodeIgniter->run()
#10 {main}
CRITICAL - 2022-09-18 11:51:58 --> Unknown column 'tbl_kategori.id' in 'on clause'
#0 /Applications/MAMP/htdocs/kasir/system/Database/MySQLi/Connection.php(314): mysqli->query('SELECT *\nFROM `...')
#1 /Applications/MAMP/htdocs/kasir/system/Database/BaseConnection.php(685): CodeIgniter\Database\MySQLi\Connection->execute('SELECT *\nFROM `...')
#2 /Applications/MAMP/htdocs/kasir/system/Database/BaseConnection.php(621): CodeIgniter\Database\BaseConnection->simpleQuery('SELECT *\nFROM `...')
#3 /Applications/MAMP/htdocs/kasir/system/Database/BaseBuilder.php(1866): CodeIgniter\Database\BaseConnection->query('SELECT *\nFROM `...', Array, false)
#4 /Applications/MAMP/htdocs/kasir/app/Models/getModel.php(94): CodeIgniter\Database\BaseBuilder->get()
#5 /Applications/MAMP/htdocs/kasir/app/Controllers/Transaksi.php(34): App\Models\getModel->cekProduk('0001')
#6 /Applications/MAMP/htdocs/kasir/system/CodeIgniter.php(936): App\Controllers\Transaksi->CekProduk()
#7 /Applications/MAMP/htdocs/kasir/system/CodeIgniter.php(432): CodeIgniter\CodeIgniter->runController(Object(App\Controllers\Transaksi))
#8 /Applications/MAMP/htdocs/kasir/system/CodeIgniter.php(333): CodeIgniter\CodeIgniter->handleRequest(NULL, Object(Config\Cache), false)
#9 /Applications/MAMP/htdocs/kasir/index.php(43): CodeIgniter\CodeIgniter->run()
#10 {main}
CRITICAL - 2022-09-18 13:00:35 --> number_format() expects parameter 2 to be int, string given
#0 [internal function]: CodeIgniter\Debug\Exceptions->errorHandler(2, 'number_format()...', '/Applications/M...', 36, Array)
#1 /Applications/MAMP/htdocs/kasir/app/Views/transaksi/kasir.php(36): number_format('150000', '.')
#2 /Applications/MAMP/htdocs/kasir/system/View/View.php(220): include('/Applications/M...')
#3 /Applications/MAMP/htdocs/kasir/system/View/View.php(222): CodeIgniter\View\View->CodeIgniter\View\{closure}()
#4 /Applications/MAMP/htdocs/kasir/system/Common.php(1217): CodeIgniter\View\View->render('transaksi/kasir', Array, true)
#5 /Applications/MAMP/htdocs/kasir/app/Controllers/Transaksi.php(30): view('transaksi/kasir', Array)
#6 /Applications/MAMP/htdocs/kasir/system/CodeIgniter.php(936): App\Controllers\Transaksi->kasir()
#7 /Applications/MAMP/htdocs/kasir/system/CodeIgniter.php(432): CodeIgniter\CodeIgniter->runController(Object(App\Controllers\Transaksi))
#8 /Applications/MAMP/htdocs/kasir/system/CodeIgniter.php(333): CodeIgniter\CodeIgniter->handleRequest(NULL, Object(Config\Cache), false)
#9 /Applications/MAMP/htdocs/kasir/index.php(43): CodeIgniter\CodeIgniter->run()
#10 {main}
