CRITICAL - 2022-10-14 11:20:13 --> number_format() expects parameter 1 to be float, object given
#0 [internal function]: CodeIgniter\Debug\Exceptions->errorHandler(2, 'number_format()...', '/Applications/M...', 49, Array)
#1 /Applications/MAMP/htdocs/e-kasir/app/Views/dashboard.php(49): number_format(Object(stdClass), 0, ',', '.')
#2 /Applications/MAMP/htdocs/e-kasir/system/View/View.php(220): include('/Applications/M...')
#3 /Applications/MAMP/htdocs/e-kasir/system/View/View.php(222): CodeIgniter\View\View->CodeIgniter\View\{closure}()
#4 /Applications/MAMP/htdocs/e-kasir/system/Common.php(1217): CodeIgniter\View\View->render('dashboard', Array, true)
#5 /Applications/MAMP/htdocs/e-kasir/app/Controllers/Dashboard.php(26): view('dashboard', Array)
#6 /Applications/MAMP/htdocs/e-kasir/system/CodeIgniter.php(936): App\Controllers\Dashboard->index()
#7 /Applications/MAMP/htdocs/e-kasir/system/CodeIgniter.php(432): CodeIgniter\CodeIgniter->runController(Object(App\Controllers\Dashboard))
#8 /Applications/MAMP/htdocs/e-kasir/system/CodeIgniter.php(333): CodeIgniter\CodeIgniter->handleRequest(NULL, Object(Config\Cache), false)
#9 /Applications/MAMP/htdocs/e-kasir/index.php(43): CodeIgniter\CodeIgniter->run()
#10 {main}
CRITICAL - 2022-10-14 11:21:44 --> number_format() expects parameter 1 to be float, object given
#0 [internal function]: CodeIgniter\Debug\Exceptions->errorHandler(2, 'number_format()...', '/Applications/M...', 49, Array)
#1 /Applications/MAMP/htdocs/e-kasir/app/Views/dashboard.php(49): number_format(Object(stdClass), 0, ',', '.')
#2 /Applications/MAMP/htdocs/e-kasir/system/View/View.php(220): include('/Applications/M...')
#3 /Applications/MAMP/htdocs/e-kasir/system/View/View.php(222): CodeIgniter\View\View->CodeIgniter\View\{closure}()
#4 /Applications/MAMP/htdocs/e-kasir/system/Common.php(1217): CodeIgniter\View\View->render('dashboard', Array, true)
#5 /Applications/MAMP/htdocs/e-kasir/app/Controllers/Dashboard.php(26): view('dashboard', Array)
#6 /Applications/MAMP/htdocs/e-kasir/system/CodeIgniter.php(936): App\Controllers\Dashboard->index()
#7 /Applications/MAMP/htdocs/e-kasir/system/CodeIgniter.php(432): CodeIgniter\CodeIgniter->runController(Object(App\Controllers\Dashboard))
#8 /Applications/MAMP/htdocs/e-kasir/system/CodeIgniter.php(333): CodeIgniter\CodeIgniter->handleRequest(NULL, Object(Config\Cache), false)
#9 /Applications/MAMP/htdocs/e-kasir/index.php(43): CodeIgniter\CodeIgniter->run()
#10 {main}
CRITICAL - 2022-10-14 11:21:45 --> number_format() expects parameter 1 to be float, object given
#0 [internal function]: CodeIgniter\Debug\Exceptions->errorHandler(2, 'number_format()...', '/Applications/M...', 49, Array)
#1 /Applications/MAMP/htdocs/e-kasir/app/Views/dashboard.php(49): number_format(Object(stdClass), 0, ',', '.')
#2 /Applications/MAMP/htdocs/e-kasir/system/View/View.php(220): include('/Applications/M...')
#3 /Applications/MAMP/htdocs/e-kasir/system/View/View.php(222): CodeIgniter\View\View->CodeIgniter\View\{closure}()
#4 /Applications/MAMP/htdocs/e-kasir/system/Common.php(1217): CodeIgniter\View\View->render('dashboard', Array, true)
#5 /Applications/MAMP/htdocs/e-kasir/app/Controllers/Dashboard.php(26): view('dashboard', Array)
#6 /Applications/MAMP/htdocs/e-kasir/system/CodeIgniter.php(936): App\Controllers\Dashboard->index()
#7 /Applications/MAMP/htdocs/e-kasir/system/CodeIgniter.php(432): CodeIgniter\CodeIgniter->runController(Object(App\Controllers\Dashboard))
#8 /Applications/MAMP/htdocs/e-kasir/system/CodeIgniter.php(333): CodeIgniter\CodeIgniter->handleRequest(NULL, Object(Config\Cache), false)
#9 /Applications/MAMP/htdocs/e-kasir/index.php(43): CodeIgniter\CodeIgniter->run()
#10 {main}
CRITICAL - 2022-10-14 11:21:46 --> number_format() expects parameter 1 to be float, object given
#0 [internal function]: CodeIgniter\Debug\Exceptions->errorHandler(2, 'number_format()...', '/Applications/M...', 49, Array)
#1 /Applications/MAMP/htdocs/e-kasir/app/Views/dashboard.php(49): number_format(Object(stdClass), 0, ',', '.')
#2 /Applications/MAMP/htdocs/e-kasir/system/View/View.php(220): include('/Applications/M...')
#3 /Applications/MAMP/htdocs/e-kasir/system/View/View.php(222): CodeIgniter\View\View->CodeIgniter\View\{closure}()
#4 /Applications/MAMP/htdocs/e-kasir/system/Common.php(1217): CodeIgniter\View\View->render('dashboard', Array, true)
#5 /Applications/MAMP/htdocs/e-kasir/app/Controllers/Dashboard.php(26): view('dashboard', Array)
#6 /Applications/MAMP/htdocs/e-kasir/system/CodeIgniter.php(936): App\Controllers\Dashboard->index()
#7 /Applications/MAMP/htdocs/e-kasir/system/CodeIgniter.php(432): CodeIgniter\CodeIgniter->runController(Object(App\Controllers\Dashboard))
#8 /Applications/MAMP/htdocs/e-kasir/system/CodeIgniter.php(333): CodeIgniter\CodeIgniter->handleRequest(NULL, Object(Config\Cache), false)
#9 /Applications/MAMP/htdocs/e-kasir/index.php(43): CodeIgniter\CodeIgniter->run()
#10 {main}
CRITICAL - 2022-10-14 11:21:46 --> number_format() expects parameter 1 to be float, object given
#0 [internal function]: CodeIgniter\Debug\Exceptions->errorHandler(2, 'number_format()...', '/Applications/M...', 49, Array)
#1 /Applications/MAMP/htdocs/e-kasir/app/Views/dashboard.php(49): number_format(Object(stdClass), 0, ',', '.')
#2 /Applications/MAMP/htdocs/e-kasir/system/View/View.php(220): include('/Applications/M...')
#3 /Applications/MAMP/htdocs/e-kasir/system/View/View.php(222): CodeIgniter\View\View->CodeIgniter\View\{closure}()
#4 /Applications/MAMP/htdocs/e-kasir/system/Common.php(1217): CodeIgniter\View\View->render('dashboard', Array, true)
#5 /Applications/MAMP/htdocs/e-kasir/app/Controllers/Dashboard.php(26): view('dashboard', Array)
#6 /Applications/MAMP/htdocs/e-kasir/system/CodeIgniter.php(936): App\Controllers\Dashboard->index()
#7 /Applications/MAMP/htdocs/e-kasir/system/CodeIgniter.php(432): CodeIgniter\CodeIgniter->runController(Object(App\Controllers\Dashboard))
#8 /Applications/MAMP/htdocs/e-kasir/system/CodeIgniter.php(333): CodeIgniter\CodeIgniter->handleRequest(NULL, Object(Config\Cache), false)
#9 /Applications/MAMP/htdocs/e-kasir/index.php(43): CodeIgniter\CodeIgniter->run()
#10 {main}
ERROR - 2022-10-14 12:01:34 --> mysqli_sql_exception: Unknown column 'pengeluaran' in 'field list' in /Applications/MAMP/htdocs/e-kasir/system/Database/MySQLi/Connection.php:314
Stack trace:
#0 /Applications/MAMP/htdocs/e-kasir/system/Database/MySQLi/Connection.php(314): mysqli->query('INSERT INTO `tb...')
#1 /Applications/MAMP/htdocs/e-kasir/system/Database/BaseConnection.php(685): CodeIgniter\Database\MySQLi\Connection->execute('INSERT INTO `tb...')
#2 /Applications/MAMP/htdocs/e-kasir/system/Database/BaseConnection.php(621): CodeIgniter\Database\BaseConnection->simpleQuery('INSERT INTO `tb...')
#3 /Applications/MAMP/htdocs/e-kasir/system/Database/BaseBuilder.php(2263): CodeIgniter\Database\BaseConnection->query('INSERT INTO `tb...', Array, false)
#4 /Applications/MAMP/htdocs/e-kasir/app/Models/insertModel.php(33): CodeIgniter\Database\BaseBuilder->insert(Array)
#5 /Applications/MAMP/htdocs/e-kasir/app/Controllers/Pengeluaran.php(57): App\Models\insertModel->insertPengeluaran(Array)
#6 /Applications/MAMP/htdocs/e-kasir/system/CodeIgniter.php(936): App\Controllers\Pengeluaran->simpan_pengeluaran()
#7 /Applications/MAMP/htdocs/e-kasir/system/CodeIgniter.php(432): CodeIgniter\CodeIgniter->runController(Object(App\Controllers\Pengeluaran))
#8 /Applications/MAMP/htdocs/e-kasir/system/CodeIgniter.php(333): CodeIgniter\CodeIgniter->handleRequest(NULL, Object(Config\Cache), false)
#9 /Applications/MAMP/htdocs/e-kasir/index.php(43): CodeIgniter\CodeIgniter->run()
#10 {main}
CRITICAL - 2022-10-14 12:01:34 --> Unknown column 'pengeluaran' in 'field list'
#0 /Applications/MAMP/htdocs/e-kasir/system/Database/MySQLi/Connection.php(314): mysqli->query('INSERT INTO `tb...')
#1 /Applications/MAMP/htdocs/e-kasir/system/Database/BaseConnection.php(685): CodeIgniter\Database\MySQLi\Connection->execute('INSERT INTO `tb...')
#2 /Applications/MAMP/htdocs/e-kasir/system/Database/BaseConnection.php(621): CodeIgniter\Database\BaseConnection->simpleQuery('INSERT INTO `tb...')
#3 /Applications/MAMP/htdocs/e-kasir/system/Database/BaseBuilder.php(2263): CodeIgniter\Database\BaseConnection->query('INSERT INTO `tb...', Array, false)
#4 /Applications/MAMP/htdocs/e-kasir/app/Models/insertModel.php(33): CodeIgniter\Database\BaseBuilder->insert(Array)
#5 /Applications/MAMP/htdocs/e-kasir/app/Controllers/Pengeluaran.php(57): App\Models\insertModel->insertPengeluaran(Array)
#6 /Applications/MAMP/htdocs/e-kasir/system/CodeIgniter.php(936): App\Controllers\Pengeluaran->simpan_pengeluaran()
#7 /Applications/MAMP/htdocs/e-kasir/system/CodeIgniter.php(432): CodeIgniter\CodeIgniter->runController(Object(App\Controllers\Pengeluaran))
#8 /Applications/MAMP/htdocs/e-kasir/system/CodeIgniter.php(333): CodeIgniter\CodeIgniter->handleRequest(NULL, Object(Config\Cache), false)
#9 /Applications/MAMP/htdocs/e-kasir/index.php(43): CodeIgniter\CodeIgniter->run()
#10 {main}
CRITICAL - 2022-10-14 13:58:11 --> syntax error, unexpected '$query' (T_VARIABLE)
#0 /Applications/MAMP/htdocs/e-kasir/system/Autoloader/Autoloader.php(265): CodeIgniter\Autoloader\Autoloader->includeFile('/Applications/M...')
#1 /Applications/MAMP/htdocs/e-kasir/system/Autoloader/Autoloader.php(228): CodeIgniter\Autoloader\Autoloader->loadInNamespace('App\\Models\\getM...')
#2 [internal function]: CodeIgniter\Autoloader\Autoloader->loadClass('App\\Models\\getM...')
#3 /Applications/MAMP/htdocs/e-kasir/app/Controllers/Produk.php(15): spl_autoload_call('App\\Models\\getM...')
#4 /Applications/MAMP/htdocs/e-kasir/system/CodeIgniter.php(908): App\Controllers\Produk->__construct()
#5 /Applications/MAMP/htdocs/e-kasir/system/CodeIgniter.php(422): CodeIgniter\CodeIgniter->createController()
#6 /Applications/MAMP/htdocs/e-kasir/system/CodeIgniter.php(333): CodeIgniter\CodeIgniter->handleRequest(NULL, Object(Config\Cache), false)
#7 /Applications/MAMP/htdocs/e-kasir/index.php(43): CodeIgniter\CodeIgniter->run()
#8 {main}
CRITICAL - 2022-10-14 14:42:59 --> You must set the database table to be used with your query.
#0 /Applications/MAMP/htdocs/e-kasir/system/Model.php(615): CodeIgniter\Database\BaseConnection->table(NULL)
#1 /Applications/MAMP/htdocs/e-kasir/system/Model.php(834): CodeIgniter\Model->builder()
#2 /Applications/MAMP/htdocs/e-kasir/app/Controllers/Produk.php(50): CodeIgniter\Model->__call('cekProduk2', Array)
#3 /Applications/MAMP/htdocs/e-kasir/system/CodeIgniter.php(936): App\Controllers\Produk->get_produk()
#4 /Applications/MAMP/htdocs/e-kasir/system/CodeIgniter.php(432): CodeIgniter\CodeIgniter->runController(Object(App\Controllers\Produk))
#5 /Applications/MAMP/htdocs/e-kasir/system/CodeIgniter.php(333): CodeIgniter\CodeIgniter->handleRequest(NULL, Object(Config\Cache), false)
#6 /Applications/MAMP/htdocs/e-kasir/index.php(43): CodeIgniter\CodeIgniter->run()
#7 {main}
CRITICAL - 2022-10-14 14:43:00 --> You must set the database table to be used with your query.
#0 /Applications/MAMP/htdocs/e-kasir/system/Model.php(615): CodeIgniter\Database\BaseConnection->table(NULL)
#1 /Applications/MAMP/htdocs/e-kasir/system/Model.php(834): CodeIgniter\Model->builder()
#2 /Applications/MAMP/htdocs/e-kasir/app/Controllers/Produk.php(50): CodeIgniter\Model->__call('cekProduk2', Array)
#3 /Applications/MAMP/htdocs/e-kasir/system/CodeIgniter.php(936): App\Controllers\Produk->get_produk()
#4 /Applications/MAMP/htdocs/e-kasir/system/CodeIgniter.php(432): CodeIgniter\CodeIgniter->runController(Object(App\Controllers\Produk))
#5 /Applications/MAMP/htdocs/e-kasir/system/CodeIgniter.php(333): CodeIgniter\CodeIgniter->handleRequest(NULL, Object(Config\Cache), false)
#6 /Applications/MAMP/htdocs/e-kasir/index.php(43): CodeIgniter\CodeIgniter->run()
#7 {main}
CRITICAL - 2022-10-14 14:43:48 --> You must set the database table to be used with your query.
#0 /Applications/MAMP/htdocs/e-kasir/system/Model.php(615): CodeIgniter\Database\BaseConnection->table(NULL)
#1 /Applications/MAMP/htdocs/e-kasir/system/Model.php(834): CodeIgniter\Model->builder()
#2 /Applications/MAMP/htdocs/e-kasir/app/Controllers/Produk.php(50): CodeIgniter\Model->__call('getroduk2', Array)
#3 /Applications/MAMP/htdocs/e-kasir/system/CodeIgniter.php(936): App\Controllers\Produk->get_produk()
#4 /Applications/MAMP/htdocs/e-kasir/system/CodeIgniter.php(432): CodeIgniter\CodeIgniter->runController(Object(App\Controllers\Produk))
#5 /Applications/MAMP/htdocs/e-kasir/system/CodeIgniter.php(333): CodeIgniter\CodeIgniter->handleRequest(NULL, Object(Config\Cache), false)
#6 /Applications/MAMP/htdocs/e-kasir/index.php(43): CodeIgniter\CodeIgniter->run()
#7 {main}
CRITICAL - 2022-10-14 14:43:49 --> You must set the database table to be used with your query.
#0 /Applications/MAMP/htdocs/e-kasir/system/Model.php(615): CodeIgniter\Database\BaseConnection->table(NULL)
#1 /Applications/MAMP/htdocs/e-kasir/system/Model.php(834): CodeIgniter\Model->builder()
#2 /Applications/MAMP/htdocs/e-kasir/app/Controllers/Produk.php(50): CodeIgniter\Model->__call('getroduk2', Array)
#3 /Applications/MAMP/htdocs/e-kasir/system/CodeIgniter.php(936): App\Controllers\Produk->get_produk()
#4 /Applications/MAMP/htdocs/e-kasir/system/CodeIgniter.php(432): CodeIgniter\CodeIgniter->runController(Object(App\Controllers\Produk))
#5 /Applications/MAMP/htdocs/e-kasir/system/CodeIgniter.php(333): CodeIgniter\CodeIgniter->handleRequest(NULL, Object(Config\Cache), false)
#6 /Applications/MAMP/htdocs/e-kasir/index.php(43): CodeIgniter\CodeIgniter->run()
#7 {main}
CRITICAL - 2022-10-14 14:45:35 --> syntax error, unexpected '$builder' (T_VARIABLE)
#0 /Applications/MAMP/htdocs/e-kasir/system/Autoloader/Autoloader.php(265): CodeIgniter\Autoloader\Autoloader->includeFile('/Applications/M...')
#1 /Applications/MAMP/htdocs/e-kasir/system/Autoloader/Autoloader.php(228): CodeIgniter\Autoloader\Autoloader->loadInNamespace('App\\Models\\getM...')
#2 [internal function]: CodeIgniter\Autoloader\Autoloader->loadClass('App\\Models\\getM...')
#3 /Applications/MAMP/htdocs/e-kasir/app/Controllers/Produk.php(15): spl_autoload_call('App\\Models\\getM...')
#4 /Applications/MAMP/htdocs/e-kasir/system/CodeIgniter.php(908): App\Controllers\Produk->__construct()
#5 /Applications/MAMP/htdocs/e-kasir/system/CodeIgniter.php(422): CodeIgniter\CodeIgniter->createController()
#6 /Applications/MAMP/htdocs/e-kasir/system/CodeIgniter.php(333): CodeIgniter\CodeIgniter->handleRequest(NULL, Object(Config\Cache), false)
#7 /Applications/MAMP/htdocs/e-kasir/index.php(43): CodeIgniter\CodeIgniter->run()
#8 {main}
