CRITICAL - 2023-06-10 03:07:00 --> number_format() expects parameter 1 to be float, string given
#0 [internal function]: CodeIgniter\Debug\Exceptions->errorHandler(2, 'number_format()...', '/Applications/M...', 166, Array)
#1 /Applications/MAMP/htdocs/e-kasir/app/Views/dashboard.php(166): number_format('', 2, ',', '.')
#2 /Applications/MAMP/htdocs/e-kasir/system/View/View.php(220): include('/Applications/M...')
#3 /Applications/MAMP/htdocs/e-kasir/system/View/View.php(222): CodeIgniter\View\View->CodeIgniter\View\{closure}()
#4 /Applications/MAMP/htdocs/e-kasir/system/Common.php(1217): CodeIgniter\View\View->render('dashboard', Array, true)
#5 /Applications/MAMP/htdocs/e-kasir/app/Controllers/Dashboard.php(42): view('dashboard', Array)
#6 /Applications/MAMP/htdocs/e-kasir/system/CodeIgniter.php(936): App\Controllers\Dashboard->index()
#7 /Applications/MAMP/htdocs/e-kasir/system/CodeIgniter.php(432): CodeIgniter\CodeIgniter->runController(Object(App\Controllers\Dashboard))
#8 /Applications/MAMP/htdocs/e-kasir/system/CodeIgniter.php(333): CodeIgniter\CodeIgniter->handleRequest(NULL, Object(Config\Cache), false)
#9 /Applications/MAMP/htdocs/e-kasir/index.php(43): CodeIgniter\CodeIgniter->run()
#10 {main}
CRITICAL - 2023-06-10 03:09:00 --> number_format() expects parameter 1 to be float, string given
#0 [internal function]: CodeIgniter\Debug\Exceptions->errorHandler(2, 'number_format()...', '/Applications/M...', 166, Array)
#1 /Applications/MAMP/htdocs/e-kasir/app/Views/dashboard.php(166): number_format('', 2, ',', '.')
#2 /Applications/MAMP/htdocs/e-kasir/system/View/View.php(220): include('/Applications/M...')
#3 /Applications/MAMP/htdocs/e-kasir/system/View/View.php(222): CodeIgniter\View\View->CodeIgniter\View\{closure}()
#4 /Applications/MAMP/htdocs/e-kasir/system/Common.php(1217): CodeIgniter\View\View->render('dashboard', Array, true)
#5 /Applications/MAMP/htdocs/e-kasir/app/Controllers/Dashboard.php(42): view('dashboard', Array)
#6 /Applications/MAMP/htdocs/e-kasir/system/CodeIgniter.php(936): App\Controllers\Dashboard->index()
#7 /Applications/MAMP/htdocs/e-kasir/system/CodeIgniter.php(432): CodeIgniter\CodeIgniter->runController(Object(App\Controllers\Dashboard))
#8 /Applications/MAMP/htdocs/e-kasir/system/CodeIgniter.php(333): CodeIgniter\CodeIgniter->handleRequest(NULL, Object(Config\Cache), false)
#9 /Applications/MAMP/htdocs/e-kasir/index.php(43): CodeIgniter\CodeIgniter->run()
#10 {main}
CRITICAL - 2023-06-10 03:09:24 --> number_format() expects parameter 1 to be float, string given
#0 [internal function]: CodeIgniter\Debug\Exceptions->errorHandler(2, 'number_format()...', '/Applications/M...', 166, Array)
#1 /Applications/MAMP/htdocs/e-kasir/app/Views/dashboard.php(166): number_format('', 2, ',', '.')
#2 /Applications/MAMP/htdocs/e-kasir/system/View/View.php(220): include('/Applications/M...')
#3 /Applications/MAMP/htdocs/e-kasir/system/View/View.php(222): CodeIgniter\View\View->CodeIgniter\View\{closure}()
#4 /Applications/MAMP/htdocs/e-kasir/system/Common.php(1217): CodeIgniter\View\View->render('dashboard', Array, true)
#5 /Applications/MAMP/htdocs/e-kasir/app/Controllers/Dashboard.php(42): view('dashboard', Array)
#6 /Applications/MAMP/htdocs/e-kasir/system/CodeIgniter.php(936): App\Controllers\Dashboard->index()
#7 /Applications/MAMP/htdocs/e-kasir/system/CodeIgniter.php(432): CodeIgniter\CodeIgniter->runController(Object(App\Controllers\Dashboard))
#8 /Applications/MAMP/htdocs/e-kasir/system/CodeIgniter.php(333): CodeIgniter\CodeIgniter->handleRequest(NULL, Object(Config\Cache), false)
#9 /Applications/MAMP/htdocs/e-kasir/index.php(43): CodeIgniter\CodeIgniter->run()
#10 {main}
CRITICAL - 2023-06-10 03:09:24 --> number_format() expects parameter 1 to be float, string given
#0 [internal function]: CodeIgniter\Debug\Exceptions->errorHandler(2, 'number_format()...', '/Applications/M...', 166, Array)
#1 /Applications/MAMP/htdocs/e-kasir/app/Views/dashboard.php(166): number_format('', 2, ',', '.')
#2 /Applications/MAMP/htdocs/e-kasir/system/View/View.php(220): include('/Applications/M...')
#3 /Applications/MAMP/htdocs/e-kasir/system/View/View.php(222): CodeIgniter\View\View->CodeIgniter\View\{closure}()
#4 /Applications/MAMP/htdocs/e-kasir/system/Common.php(1217): CodeIgniter\View\View->render('dashboard', Array, true)
#5 /Applications/MAMP/htdocs/e-kasir/app/Controllers/Dashboard.php(42): view('dashboard', Array)
#6 /Applications/MAMP/htdocs/e-kasir/system/CodeIgniter.php(936): App\Controllers\Dashboard->index()
#7 /Applications/MAMP/htdocs/e-kasir/system/CodeIgniter.php(432): CodeIgniter\CodeIgniter->runController(Object(App\Controllers\Dashboard))
#8 /Applications/MAMP/htdocs/e-kasir/system/CodeIgniter.php(333): CodeIgniter\CodeIgniter->handleRequest(NULL, Object(Config\Cache), false)
#9 /Applications/MAMP/htdocs/e-kasir/index.php(43): CodeIgniter\CodeIgniter->run()
#10 {main}
CRITICAL - 2023-06-10 03:10:13 --> number_format() expects parameter 1 to be float, string given
#0 [internal function]: CodeIgniter\Debug\Exceptions->errorHandler(2, 'number_format()...', '/Applications/M...', 166, Array)
#1 /Applications/MAMP/htdocs/e-kasir/app/Views/dashboard.php(166): number_format('', 2, ',', '.')
#2 /Applications/MAMP/htdocs/e-kasir/system/View/View.php(220): include('/Applications/M...')
#3 /Applications/MAMP/htdocs/e-kasir/system/View/View.php(222): CodeIgniter\View\View->CodeIgniter\View\{closure}()
#4 /Applications/MAMP/htdocs/e-kasir/system/Common.php(1217): CodeIgniter\View\View->render('dashboard', Array, true)
#5 /Applications/MAMP/htdocs/e-kasir/app/Controllers/Dashboard.php(42): view('dashboard', Array)
#6 /Applications/MAMP/htdocs/e-kasir/system/CodeIgniter.php(936): App\Controllers\Dashboard->index()
#7 /Applications/MAMP/htdocs/e-kasir/system/CodeIgniter.php(432): CodeIgniter\CodeIgniter->runController(Object(App\Controllers\Dashboard))
#8 /Applications/MAMP/htdocs/e-kasir/system/CodeIgniter.php(333): CodeIgniter\CodeIgniter->handleRequest(NULL, Object(Config\Cache), false)
#9 /Applications/MAMP/htdocs/e-kasir/index.php(43): CodeIgniter\CodeIgniter->run()
#10 {main}
CRITICAL - 2023-06-10 03:10:44 --> number_format() expects parameter 1 to be float, string given
#0 [internal function]: CodeIgniter\Debug\Exceptions->errorHandler(2, 'number_format()...', '/Applications/M...', 166, Array)
#1 /Applications/MAMP/htdocs/e-kasir/app/Views/dashboard.php(166): number_format('', 2, ',', '.')
#2 /Applications/MAMP/htdocs/e-kasir/system/View/View.php(220): include('/Applications/M...')
#3 /Applications/MAMP/htdocs/e-kasir/system/View/View.php(222): CodeIgniter\View\View->CodeIgniter\View\{closure}()
#4 /Applications/MAMP/htdocs/e-kasir/system/Common.php(1217): CodeIgniter\View\View->render('dashboard', Array, true)
#5 /Applications/MAMP/htdocs/e-kasir/app/Controllers/Dashboard.php(42): view('dashboard', Array)
#6 /Applications/MAMP/htdocs/e-kasir/system/CodeIgniter.php(936): App\Controllers\Dashboard->index()
#7 /Applications/MAMP/htdocs/e-kasir/system/CodeIgniter.php(432): CodeIgniter\CodeIgniter->runController(Object(App\Controllers\Dashboard))
#8 /Applications/MAMP/htdocs/e-kasir/system/CodeIgniter.php(333): CodeIgniter\CodeIgniter->handleRequest(NULL, Object(Config\Cache), false)
#9 /Applications/MAMP/htdocs/e-kasir/index.php(43): CodeIgniter\CodeIgniter->run()
#10 {main}
CRITICAL - 2023-06-10 03:11:11 --> number_format() expects parameter 1 to be float, string given
#0 [internal function]: CodeIgniter\Debug\Exceptions->errorHandler(2, 'number_format()...', '/Applications/M...', 166, Array)
#1 /Applications/MAMP/htdocs/e-kasir/app/Views/dashboard.php(166): number_format('', 2, ',', '.')
#2 /Applications/MAMP/htdocs/e-kasir/system/View/View.php(220): include('/Applications/M...')
#3 /Applications/MAMP/htdocs/e-kasir/system/View/View.php(222): CodeIgniter\View\View->CodeIgniter\View\{closure}()
#4 /Applications/MAMP/htdocs/e-kasir/system/Common.php(1217): CodeIgniter\View\View->render('dashboard', Array, true)
#5 /Applications/MAMP/htdocs/e-kasir/app/Controllers/Dashboard.php(42): view('dashboard', Array)
#6 /Applications/MAMP/htdocs/e-kasir/system/CodeIgniter.php(936): App\Controllers\Dashboard->index()
#7 /Applications/MAMP/htdocs/e-kasir/system/CodeIgniter.php(432): CodeIgniter\CodeIgniter->runController(Object(App\Controllers\Dashboard))
#8 /Applications/MAMP/htdocs/e-kasir/system/CodeIgniter.php(333): CodeIgniter\CodeIgniter->handleRequest(NULL, Object(Config\Cache), false)
#9 /Applications/MAMP/htdocs/e-kasir/index.php(43): CodeIgniter\CodeIgniter->run()
#10 {main}
CRITICAL - 2023-06-10 03:11:21 --> number_format() expects parameter 1 to be float, string given
#0 [internal function]: CodeIgniter\Debug\Exceptions->errorHandler(2, 'number_format()...', '/Applications/M...', 166, Array)
#1 /Applications/MAMP/htdocs/e-kasir/app/Views/dashboard.php(166): number_format('', 2, ',', '.')
#2 /Applications/MAMP/htdocs/e-kasir/system/View/View.php(220): include('/Applications/M...')
#3 /Applications/MAMP/htdocs/e-kasir/system/View/View.php(222): CodeIgniter\View\View->CodeIgniter\View\{closure}()
#4 /Applications/MAMP/htdocs/e-kasir/system/Common.php(1217): CodeIgniter\View\View->render('dashboard', Array, true)
#5 /Applications/MAMP/htdocs/e-kasir/app/Controllers/Dashboard.php(42): view('dashboard', Array)
#6 /Applications/MAMP/htdocs/e-kasir/system/CodeIgniter.php(936): App\Controllers\Dashboard->index()
#7 /Applications/MAMP/htdocs/e-kasir/system/CodeIgniter.php(432): CodeIgniter\CodeIgniter->runController(Object(App\Controllers\Dashboard))
#8 /Applications/MAMP/htdocs/e-kasir/system/CodeIgniter.php(333): CodeIgniter\CodeIgniter->handleRequest(NULL, Object(Config\Cache), false)
#9 /Applications/MAMP/htdocs/e-kasir/index.php(43): CodeIgniter\CodeIgniter->run()
#10 {main}
CRITICAL - 2023-06-10 03:39:29 --> Invalid file: dashboard/.php
#0 /Applications/MAMP/htdocs/e-kasir/system/View/View.php(203): CodeIgniter\Exceptions\FrameworkException::forInvalidFile('dashboard/.php')
#1 /Applications/MAMP/htdocs/e-kasir/system/Common.php(1217): CodeIgniter\View\View->render('dashboard/', Array, true)
#2 /Applications/MAMP/htdocs/e-kasir/app/Controllers/Dashboard.php(42): view('dashboard/', Array)
#3 /Applications/MAMP/htdocs/e-kasir/system/CodeIgniter.php(936): App\Controllers\Dashboard->index()
#4 /Applications/MAMP/htdocs/e-kasir/system/CodeIgniter.php(432): CodeIgniter\CodeIgniter->runController(Object(App\Controllers\Dashboard))
#5 /Applications/MAMP/htdocs/e-kasir/system/CodeIgniter.php(333): CodeIgniter\CodeIgniter->handleRequest(NULL, Object(Config\Cache), false)
#6 /Applications/MAMP/htdocs/e-kasir/index.php(43): CodeIgniter\CodeIgniter->run()
#7 {main}
ERROR - 2023-06-10 03:39:55 --> mysqli_sql_exception: Column 'no_faktur' in where clause is ambiguous in /Applications/MAMP/htdocs/e-kasir/system/Database/MySQLi/Connection.php:314
Stack trace:
#0 /Applications/MAMP/htdocs/e-kasir/system/Database/MySQLi/Connection.php(314): mysqli->query('SELECT a.*, b.n...')
#1 /Applications/MAMP/htdocs/e-kasir/system/Database/BaseConnection.php(685): CodeIgniter\Database\MySQLi\Connection->execute('SELECT a.*, b.n...')
#2 /Applications/MAMP/htdocs/e-kasir/system/Database/BaseConnection.php(621): CodeIgniter\Database\BaseConnection->simpleQuery('SELECT a.*, b.n...')
#3 /Applications/MAMP/htdocs/e-kasir/app/Models/getModel.php(102): CodeIgniter\Database\BaseConnection->query('SELECT a.*, b.n...')
#4 /Applications/MAMP/htdocs/e-kasir/app/Controllers/Dashboard.php(48): App\Models\getModel->getDetailTransaksi('202211230001')
#5 /Applications/MAMP/htdocs/e-kasir/system/CodeIgniter.php(936): App\Controllers\Dashboard->detail_transaksi()
#6 /Applications/MAMP/htdocs/e-kasir/system/CodeIgniter.php(432): CodeIgniter\CodeIgniter->runController(Object(App\Controllers\Dashboard))
#7 /Applications/MAMP/htdocs/e-kasir/system/CodeIgniter.php(333): CodeIgniter\CodeIgniter->handleRequest(NULL, Object(Config\Cache), false)
#8 /Applications/MAMP/htdocs/e-kasir/index.php(43): CodeIgniter\CodeIgniter->run()
#9 {main}
CRITICAL - 2023-06-10 03:39:55 --> Column 'no_faktur' in where clause is ambiguous
#0 /Applications/MAMP/htdocs/e-kasir/system/Database/MySQLi/Connection.php(314): mysqli->query('SELECT a.*, b.n...')
#1 /Applications/MAMP/htdocs/e-kasir/system/Database/BaseConnection.php(685): CodeIgniter\Database\MySQLi\Connection->execute('SELECT a.*, b.n...')
#2 /Applications/MAMP/htdocs/e-kasir/system/Database/BaseConnection.php(621): CodeIgniter\Database\BaseConnection->simpleQuery('SELECT a.*, b.n...')
#3 /Applications/MAMP/htdocs/e-kasir/app/Models/getModel.php(102): CodeIgniter\Database\BaseConnection->query('SELECT a.*, b.n...')
#4 /Applications/MAMP/htdocs/e-kasir/app/Controllers/Dashboard.php(48): App\Models\getModel->getDetailTransaksi('202211230001')
#5 /Applications/MAMP/htdocs/e-kasir/system/CodeIgniter.php(936): App\Controllers\Dashboard->detail_transaksi()
#6 /Applications/MAMP/htdocs/e-kasir/system/CodeIgniter.php(432): CodeIgniter\CodeIgniter->runController(Object(App\Controllers\Dashboard))
#7 /Applications/MAMP/htdocs/e-kasir/system/CodeIgniter.php(333): CodeIgniter\CodeIgniter->handleRequest(NULL, Object(Config\Cache), false)
#8 /Applications/MAMP/htdocs/e-kasir/index.php(43): CodeIgniter\CodeIgniter->run()
#9 {main}
