CRITICAL - 2022-11-04 15:52:37 --> Invalid file: layout/menu.php
#0 /Applications/MAMP/htdocs/e-kasir/system/View/View.php(203): CodeIgniter\Exceptions\FrameworkException::forInvalidFile('layout/menu.php')
#1 /Applications/MAMP/htdocs/e-kasir/system/View/View.php(236): CodeIgniter\View\View->render('layout/menu', Array, true)
#2 /Applications/MAMP/htdocs/e-kasir/system/Common.php(1217): CodeIgniter\View\View->render('laporan/harian', Array, true)
#3 /Applications/MAMP/htdocs/e-kasir/app/Controllers/Laporan.php(21): view('laporan/harian', Array)
#4 /Applications/MAMP/htdocs/e-kasir/system/CodeIgniter.php(936): App\Controllers\Laporan->harian()
#5 /Applications/MAMP/htdocs/e-kasir/system/CodeIgniter.php(432): CodeIgniter\CodeIgniter->runController(Object(App\Controllers\Laporan))
#6 /Applications/MAMP/htdocs/e-kasir/system/CodeIgniter.php(333): CodeIgniter\CodeIgniter->handleRequest(NULL, Object(Config\Cache), false)
#7 /Applications/MAMP/htdocs/e-kasir/index.php(43): CodeIgniter\CodeIgniter->run()
#8 {main}
CRITICAL - 2022-11-04 15:52:57 --> Invalid file: layout/menu.php
#0 /Applications/MAMP/htdocs/e-kasir/system/View/View.php(203): CodeIgniter\Exceptions\FrameworkException::forInvalidFile('layout/menu.php')
#1 /Applications/MAMP/htdocs/e-kasir/system/View/View.php(236): CodeIgniter\View\View->render('layout/menu', Array, true)
#2 /Applications/MAMP/htdocs/e-kasir/system/Common.php(1217): CodeIgniter\View\View->render('laporan/harian', Array, true)
#3 /Applications/MAMP/htdocs/e-kasir/app/Controllers/Laporan.php(21): view('laporan/harian', Array)
#4 /Applications/MAMP/htdocs/e-kasir/system/CodeIgniter.php(936): App\Controllers\Laporan->harian()
#5 /Applications/MAMP/htdocs/e-kasir/system/CodeIgniter.php(432): CodeIgniter\CodeIgniter->runController(Object(App\Controllers\Laporan))
#6 /Applications/MAMP/htdocs/e-kasir/system/CodeIgniter.php(333): CodeIgniter\CodeIgniter->handleRequest(NULL, Object(Config\Cache), false)
#7 /Applications/MAMP/htdocs/e-kasir/index.php(43): CodeIgniter\CodeIgniter->run()
#8 {main}
CRITICAL - 2022-11-04 15:53:37 --> Invalid file: layout/menu.php
#0 /Applications/MAMP/htdocs/e-kasir/system/View/View.php(203): CodeIgniter\Exceptions\FrameworkException::forInvalidFile('layout/menu.php')
#1 /Applications/MAMP/htdocs/e-kasir/system/View/View.php(236): CodeIgniter\View\View->render('layout/menu', Array, true)
#2 /Applications/MAMP/htdocs/e-kasir/system/Common.php(1217): CodeIgniter\View\View->render('laporan/harian', Array, true)
#3 /Applications/MAMP/htdocs/e-kasir/app/Controllers/Laporan.php(21): view('laporan/harian', Array)
#4 /Applications/MAMP/htdocs/e-kasir/system/CodeIgniter.php(936): App\Controllers\Laporan->harian()
#5 /Applications/MAMP/htdocs/e-kasir/system/CodeIgniter.php(432): CodeIgniter\CodeIgniter->runController(Object(App\Controllers\Laporan))
#6 /Applications/MAMP/htdocs/e-kasir/system/CodeIgniter.php(333): CodeIgniter\CodeIgniter->handleRequest(NULL, Object(Config\Cache), false)
#7 /Applications/MAMP/htdocs/e-kasir/index.php(43): CodeIgniter\CodeIgniter->run()
#8 {main}
CRITICAL - 2022-11-04 15:53:44 --> Invalid file: layout/menu.php
#0 /Applications/MAMP/htdocs/e-kasir/system/View/View.php(203): CodeIgniter\Exceptions\FrameworkException::forInvalidFile('layout/menu.php')
#1 /Applications/MAMP/htdocs/e-kasir/system/View/View.php(236): CodeIgniter\View\View->render('layout/menu', Array, true)
#2 /Applications/MAMP/htdocs/e-kasir/system/Common.php(1217): CodeIgniter\View\View->render('laporan/harian', Array, true)
#3 /Applications/MAMP/htdocs/e-kasir/app/Controllers/Laporan.php(21): view('laporan/harian', Array)
#4 /Applications/MAMP/htdocs/e-kasir/system/CodeIgniter.php(936): App\Controllers\Laporan->harian()
#5 /Applications/MAMP/htdocs/e-kasir/system/CodeIgniter.php(432): CodeIgniter\CodeIgniter->runController(Object(App\Controllers\Laporan))
#6 /Applications/MAMP/htdocs/e-kasir/system/CodeIgniter.php(333): CodeIgniter\CodeIgniter->handleRequest(NULL, Object(Config\Cache), false)
#7 /Applications/MAMP/htdocs/e-kasir/index.php(43): CodeIgniter\CodeIgniter->run()
#8 {main}
CRITICAL - 2022-11-04 15:54:01 --> Invalid file: layout/menu.php
#0 /Applications/MAMP/htdocs/e-kasir/system/View/View.php(203): CodeIgniter\Exceptions\FrameworkException::forInvalidFile('layout/menu.php')
#1 /Applications/MAMP/htdocs/e-kasir/system/View/View.php(236): CodeIgniter\View\View->render('layout/menu', Array, true)
#2 /Applications/MAMP/htdocs/e-kasir/system/Common.php(1217): CodeIgniter\View\View->render('laporan/harian', Array, true)
#3 /Applications/MAMP/htdocs/e-kasir/app/Controllers/Laporan.php(21): view('laporan/harian', Array)
#4 /Applications/MAMP/htdocs/e-kasir/system/CodeIgniter.php(936): App\Controllers\Laporan->harian()
#5 /Applications/MAMP/htdocs/e-kasir/system/CodeIgniter.php(432): CodeIgniter\CodeIgniter->runController(Object(App\Controllers\Laporan))
#6 /Applications/MAMP/htdocs/e-kasir/system/CodeIgniter.php(333): CodeIgniter\CodeIgniter->handleRequest(NULL, Object(Config\Cache), false)
#7 /Applications/MAMP/htdocs/e-kasir/index.php(43): CodeIgniter\CodeIgniter->run()
#8 {main}
ERROR - 2022-11-04 16:27:52 --> mysqli_sql_exception: Column 'kode_produk' in field list is ambiguous in /Applications/MAMP/htdocs/e-kasir/system/Database/MySQLi/Connection.php:314
Stack trace:
#0 /Applications/MAMP/htdocs/e-kasir/system/Database/MySQLi/Connection.php(314): mysqli->query('SELECT `kode_pr...')
#1 /Applications/MAMP/htdocs/e-kasir/system/Database/BaseConnection.php(685): CodeIgniter\Database\MySQLi\Connection->execute('SELECT `kode_pr...')
#2 /Applications/MAMP/htdocs/e-kasir/system/Database/BaseConnection.php(621): CodeIgniter\Database\BaseConnection->simpleQuery('SELECT `kode_pr...')
#3 /Applications/MAMP/htdocs/e-kasir/system/Database/BaseBuilder.php(1866): CodeIgniter\Database\BaseConnection->query('SELECT `kode_pr...', Array, false)
#4 /Applications/MAMP/htdocs/e-kasir/app/Models/getModel.php(146): CodeIgniter\Database\BaseBuilder->get()
#5 /Applications/MAMP/htdocs/e-kasir/app/Controllers/Laporan.php(27): App\Models\getModel->getLaporanHarian('2022-11-04')
#6 /Applications/MAMP/htdocs/e-kasir/system/CodeIgniter.php(936): App\Controllers\Laporan->get_laporan_harian()
#7 /Applications/MAMP/htdocs/e-kasir/system/CodeIgniter.php(432): CodeIgniter\CodeIgniter->runController(Object(App\Controllers\Laporan))
#8 /Applications/MAMP/htdocs/e-kasir/system/CodeIgniter.php(333): CodeIgniter\CodeIgniter->handleRequest(NULL, Object(Config\Cache), false)
#9 /Applications/MAMP/htdocs/e-kasir/index.php(43): CodeIgniter\CodeIgniter->run()
#10 {main}
CRITICAL - 2022-11-04 16:27:52 --> Column 'kode_produk' in field list is ambiguous
#0 /Applications/MAMP/htdocs/e-kasir/system/Database/MySQLi/Connection.php(314): mysqli->query('SELECT `kode_pr...')
#1 /Applications/MAMP/htdocs/e-kasir/system/Database/BaseConnection.php(685): CodeIgniter\Database\MySQLi\Connection->execute('SELECT `kode_pr...')
#2 /Applications/MAMP/htdocs/e-kasir/system/Database/BaseConnection.php(621): CodeIgniter\Database\BaseConnection->simpleQuery('SELECT `kode_pr...')
#3 /Applications/MAMP/htdocs/e-kasir/system/Database/BaseBuilder.php(1866): CodeIgniter\Database\BaseConnection->query('SELECT `kode_pr...', Array, false)
#4 /Applications/MAMP/htdocs/e-kasir/app/Models/getModel.php(146): CodeIgniter\Database\BaseBuilder->get()
#5 /Applications/MAMP/htdocs/e-kasir/app/Controllers/Laporan.php(27): App\Models\getModel->getLaporanHarian('2022-11-04')
#6 /Applications/MAMP/htdocs/e-kasir/system/CodeIgniter.php(936): App\Controllers\Laporan->get_laporan_harian()
#7 /Applications/MAMP/htdocs/e-kasir/system/CodeIgniter.php(432): CodeIgniter\CodeIgniter->runController(Object(App\Controllers\Laporan))
#8 /Applications/MAMP/htdocs/e-kasir/system/CodeIgniter.php(333): CodeIgniter\CodeIgniter->handleRequest(NULL, Object(Config\Cache), false)
#9 /Applications/MAMP/htdocs/e-kasir/index.php(43): CodeIgniter\CodeIgniter->run()
#10 {main}
ERROR - 2022-11-04 16:28:47 --> mysqli_sql_exception: Column 'kode_produk' in field list is ambiguous in /Applications/MAMP/htdocs/e-kasir/system/Database/MySQLi/Connection.php:314
Stack trace:
#0 /Applications/MAMP/htdocs/e-kasir/system/Database/MySQLi/Connection.php(314): mysqli->query('SELECT `kode_pr...')
#1 /Applications/MAMP/htdocs/e-kasir/system/Database/BaseConnection.php(685): CodeIgniter\Database\MySQLi\Connection->execute('SELECT `kode_pr...')
#2 /Applications/MAMP/htdocs/e-kasir/system/Database/BaseConnection.php(621): CodeIgniter\Database\BaseConnection->simpleQuery('SELECT `kode_pr...')
#3 /Applications/MAMP/htdocs/e-kasir/system/Database/BaseBuilder.php(1866): CodeIgniter\Database\BaseConnection->query('SELECT `kode_pr...', Array, false)
#4 /Applications/MAMP/htdocs/e-kasir/app/Models/getModel.php(146): CodeIgniter\Database\BaseBuilder->get()
#5 /Applications/MAMP/htdocs/e-kasir/app/Controllers/Laporan.php(27): App\Models\getModel->getLaporanHarian('2022-11-04')
#6 /Applications/MAMP/htdocs/e-kasir/system/CodeIgniter.php(936): App\Controllers\Laporan->get_laporan_harian()
#7 /Applications/MAMP/htdocs/e-kasir/system/CodeIgniter.php(432): CodeIgniter\CodeIgniter->runController(Object(App\Controllers\Laporan))
#8 /Applications/MAMP/htdocs/e-kasir/system/CodeIgniter.php(333): CodeIgniter\CodeIgniter->handleRequest(NULL, Object(Config\Cache), false)
#9 /Applications/MAMP/htdocs/e-kasir/index.php(43): CodeIgniter\CodeIgniter->run()
#10 {main}
CRITICAL - 2022-11-04 16:28:47 --> Column 'kode_produk' in field list is ambiguous
#0 /Applications/MAMP/htdocs/e-kasir/system/Database/MySQLi/Connection.php(314): mysqli->query('SELECT `kode_pr...')
#1 /Applications/MAMP/htdocs/e-kasir/system/Database/BaseConnection.php(685): CodeIgniter\Database\MySQLi\Connection->execute('SELECT `kode_pr...')
#2 /Applications/MAMP/htdocs/e-kasir/system/Database/BaseConnection.php(621): CodeIgniter\Database\BaseConnection->simpleQuery('SELECT `kode_pr...')
#3 /Applications/MAMP/htdocs/e-kasir/system/Database/BaseBuilder.php(1866): CodeIgniter\Database\BaseConnection->query('SELECT `kode_pr...', Array, false)
#4 /Applications/MAMP/htdocs/e-kasir/app/Models/getModel.php(146): CodeIgniter\Database\BaseBuilder->get()
#5 /Applications/MAMP/htdocs/e-kasir/app/Controllers/Laporan.php(27): App\Models\getModel->getLaporanHarian('2022-11-04')
#6 /Applications/MAMP/htdocs/e-kasir/system/CodeIgniter.php(936): App\Controllers\Laporan->get_laporan_harian()
#7 /Applications/MAMP/htdocs/e-kasir/system/CodeIgniter.php(432): CodeIgniter\CodeIgniter->runController(Object(App\Controllers\Laporan))
#8 /Applications/MAMP/htdocs/e-kasir/system/CodeIgniter.php(333): CodeIgniter\CodeIgniter->handleRequest(NULL, Object(Config\Cache), false)
#9 /Applications/MAMP/htdocs/e-kasir/index.php(43): CodeIgniter\CodeIgniter->run()
#10 {main}
ERROR - 2022-11-04 16:30:27 --> mysqli_sql_exception: Column 'kode_produk' in field list is ambiguous in /Applications/MAMP/htdocs/e-kasir/system/Database/MySQLi/Connection.php:314
Stack trace:
#0 /Applications/MAMP/htdocs/e-kasir/system/Database/MySQLi/Connection.php(314): mysqli->query('SELECT `kode_pr...')
#1 /Applications/MAMP/htdocs/e-kasir/system/Database/BaseConnection.php(685): CodeIgniter\Database\MySQLi\Connection->execute('SELECT `kode_pr...')
#2 /Applications/MAMP/htdocs/e-kasir/system/Database/BaseConnection.php(621): CodeIgniter\Database\BaseConnection->simpleQuery('SELECT `kode_pr...')
#3 /Applications/MAMP/htdocs/e-kasir/system/Database/BaseBuilder.php(1866): CodeIgniter\Database\BaseConnection->query('SELECT `kode_pr...', Array, false)
#4 /Applications/MAMP/htdocs/e-kasir/app/Models/getModel.php(146): CodeIgniter\Database\BaseBuilder->get()
#5 /Applications/MAMP/htdocs/e-kasir/app/Controllers/Laporan.php(27): App\Models\getModel->getLaporanHarian('2022-11-04')
#6 /Applications/MAMP/htdocs/e-kasir/system/CodeIgniter.php(936): App\Controllers\Laporan->get_laporan_harian()
#7 /Applications/MAMP/htdocs/e-kasir/system/CodeIgniter.php(432): CodeIgniter\CodeIgniter->runController(Object(App\Controllers\Laporan))
#8 /Applications/MAMP/htdocs/e-kasir/system/CodeIgniter.php(333): CodeIgniter\CodeIgniter->handleRequest(NULL, Object(Config\Cache), false)
#9 /Applications/MAMP/htdocs/e-kasir/index.php(43): CodeIgniter\CodeIgniter->run()
#10 {main}
CRITICAL - 2022-11-04 16:30:27 --> Column 'kode_produk' in field list is ambiguous
#0 /Applications/MAMP/htdocs/e-kasir/system/Database/MySQLi/Connection.php(314): mysqli->query('SELECT `kode_pr...')
#1 /Applications/MAMP/htdocs/e-kasir/system/Database/BaseConnection.php(685): CodeIgniter\Database\MySQLi\Connection->execute('SELECT `kode_pr...')
#2 /Applications/MAMP/htdocs/e-kasir/system/Database/BaseConnection.php(621): CodeIgniter\Database\BaseConnection->simpleQuery('SELECT `kode_pr...')
#3 /Applications/MAMP/htdocs/e-kasir/system/Database/BaseBuilder.php(1866): CodeIgniter\Database\BaseConnection->query('SELECT `kode_pr...', Array, false)
#4 /Applications/MAMP/htdocs/e-kasir/app/Models/getModel.php(146): CodeIgniter\Database\BaseBuilder->get()
#5 /Applications/MAMP/htdocs/e-kasir/app/Controllers/Laporan.php(27): App\Models\getModel->getLaporanHarian('2022-11-04')
#6 /Applications/MAMP/htdocs/e-kasir/system/CodeIgniter.php(936): App\Controllers\Laporan->get_laporan_harian()
#7 /Applications/MAMP/htdocs/e-kasir/system/CodeIgniter.php(432): CodeIgniter\CodeIgniter->runController(Object(App\Controllers\Laporan))
#8 /Applications/MAMP/htdocs/e-kasir/system/CodeIgniter.php(333): CodeIgniter\CodeIgniter->handleRequest(NULL, Object(Config\Cache), false)
#9 /Applications/MAMP/htdocs/e-kasir/index.php(43): CodeIgniter\CodeIgniter->run()
#10 {main}
ERROR - 2022-11-04 16:30:57 --> mysqli_sql_exception: Column 'kode_produk' in field list is ambiguous in /Applications/MAMP/htdocs/e-kasir/system/Database/MySQLi/Connection.php:314
Stack trace:
#0 /Applications/MAMP/htdocs/e-kasir/system/Database/MySQLi/Connection.php(314): mysqli->query('SELECT `kode_pr...')
#1 /Applications/MAMP/htdocs/e-kasir/system/Database/BaseConnection.php(685): CodeIgniter\Database\MySQLi\Connection->execute('SELECT `kode_pr...')
#2 /Applications/MAMP/htdocs/e-kasir/system/Database/BaseConnection.php(621): CodeIgniter\Database\BaseConnection->simpleQuery('SELECT `kode_pr...')
#3 /Applications/MAMP/htdocs/e-kasir/system/Database/BaseBuilder.php(1866): CodeIgniter\Database\BaseConnection->query('SELECT `kode_pr...', Array, false)
#4 /Applications/MAMP/htdocs/e-kasir/app/Models/getModel.php(146): CodeIgniter\Database\BaseBuilder->get()
#5 /Applications/MAMP/htdocs/e-kasir/app/Controllers/Laporan.php(27): App\Models\getModel->getLaporanHarian('2022-11-04')
#6 /Applications/MAMP/htdocs/e-kasir/system/CodeIgniter.php(936): App\Controllers\Laporan->get_laporan_harian()
#7 /Applications/MAMP/htdocs/e-kasir/system/CodeIgniter.php(432): CodeIgniter\CodeIgniter->runController(Object(App\Controllers\Laporan))
#8 /Applications/MAMP/htdocs/e-kasir/system/CodeIgniter.php(333): CodeIgniter\CodeIgniter->handleRequest(NULL, Object(Config\Cache), false)
#9 /Applications/MAMP/htdocs/e-kasir/index.php(43): CodeIgniter\CodeIgniter->run()
#10 {main}
CRITICAL - 2022-11-04 16:30:57 --> Column 'kode_produk' in field list is ambiguous
#0 /Applications/MAMP/htdocs/e-kasir/system/Database/MySQLi/Connection.php(314): mysqli->query('SELECT `kode_pr...')
#1 /Applications/MAMP/htdocs/e-kasir/system/Database/BaseConnection.php(685): CodeIgniter\Database\MySQLi\Connection->execute('SELECT `kode_pr...')
#2 /Applications/MAMP/htdocs/e-kasir/system/Database/BaseConnection.php(621): CodeIgniter\Database\BaseConnection->simpleQuery('SELECT `kode_pr...')
#3 /Applications/MAMP/htdocs/e-kasir/system/Database/BaseBuilder.php(1866): CodeIgniter\Database\BaseConnection->query('SELECT `kode_pr...', Array, false)
#4 /Applications/MAMP/htdocs/e-kasir/app/Models/getModel.php(146): CodeIgniter\Database\BaseBuilder->get()
#5 /Applications/MAMP/htdocs/e-kasir/app/Controllers/Laporan.php(27): App\Models\getModel->getLaporanHarian('2022-11-04')
#6 /Applications/MAMP/htdocs/e-kasir/system/CodeIgniter.php(936): App\Controllers\Laporan->get_laporan_harian()
#7 /Applications/MAMP/htdocs/e-kasir/system/CodeIgniter.php(432): CodeIgniter\CodeIgniter->runController(Object(App\Controllers\Laporan))
#8 /Applications/MAMP/htdocs/e-kasir/system/CodeIgniter.php(333): CodeIgniter\CodeIgniter->handleRequest(NULL, Object(Config\Cache), false)
#9 /Applications/MAMP/htdocs/e-kasir/index.php(43): CodeIgniter\CodeIgniter->run()
#10 {main}
ERROR - 2022-11-04 16:32:03 --> mysqli_sql_exception: Column 'kode_produk' in field list is ambiguous in /Applications/MAMP/htdocs/e-kasir/system/Database/MySQLi/Connection.php:314
Stack trace:
#0 /Applications/MAMP/htdocs/e-kasir/system/Database/MySQLi/Connection.php(314): mysqli->query('SELECT `kode_pr...')
#1 /Applications/MAMP/htdocs/e-kasir/system/Database/BaseConnection.php(685): CodeIgniter\Database\MySQLi\Connection->execute('SELECT `kode_pr...')
#2 /Applications/MAMP/htdocs/e-kasir/system/Database/BaseConnection.php(621): CodeIgniter\Database\BaseConnection->simpleQuery('SELECT `kode_pr...')
#3 /Applications/MAMP/htdocs/e-kasir/system/Database/BaseBuilder.php(1866): CodeIgniter\Database\BaseConnection->query('SELECT `kode_pr...', Array, false)
#4 /Applications/MAMP/htdocs/e-kasir/app/Models/getModel.php(146): CodeIgniter\Database\BaseBuilder->get()
#5 /Applications/MAMP/htdocs/e-kasir/app/Controllers/Laporan.php(27): App\Models\getModel->getLaporanHarian('2022-11-04')
#6 /Applications/MAMP/htdocs/e-kasir/system/CodeIgniter.php(936): App\Controllers\Laporan->get_laporan_harian()
#7 /Applications/MAMP/htdocs/e-kasir/system/CodeIgniter.php(432): CodeIgniter\CodeIgniter->runController(Object(App\Controllers\Laporan))
#8 /Applications/MAMP/htdocs/e-kasir/system/CodeIgniter.php(333): CodeIgniter\CodeIgniter->handleRequest(NULL, Object(Config\Cache), false)
#9 /Applications/MAMP/htdocs/e-kasir/index.php(43): CodeIgniter\CodeIgniter->run()
#10 {main}
CRITICAL - 2022-11-04 16:32:17 --> Trying to get property 'image' of non-object
#0 /Applications/MAMP/htdocs/e-kasir/app/Views/layout.php(38): CodeIgniter\Debug\Exceptions->errorHandler(8, 'Trying to get p...', '/Applications/M...', 38, Array)
#1 /Applications/MAMP/htdocs/e-kasir/system/View/View.php(220): include('/Applications/M...')
#2 /Applications/MAMP/htdocs/e-kasir/system/View/View.php(222): CodeIgniter\View\View->CodeIgniter\View\{closure}()
#3 /Applications/MAMP/htdocs/e-kasir/system/View/View.php(236): CodeIgniter\View\View->render('layout', Array, true)
#4 /Applications/MAMP/htdocs/e-kasir/system/Common.php(1217): CodeIgniter\View\View->render('laporan/harian', Array, true)
#5 /Applications/MAMP/htdocs/e-kasir/app/Controllers/Laporan.php(21): view('laporan/harian', Array)
#6 /Applications/MAMP/htdocs/e-kasir/system/CodeIgniter.php(936): App\Controllers\Laporan->harian()
#7 /Applications/MAMP/htdocs/e-kasir/system/CodeIgniter.php(432): CodeIgniter\CodeIgniter->runController(Object(App\Controllers\Laporan))
#8 /Applications/MAMP/htdocs/e-kasir/system/CodeIgniter.php(333): CodeIgniter\CodeIgniter->handleRequest(NULL, Object(Config\Cache), false)
#9 /Applications/MAMP/htdocs/e-kasir/index.php(43): CodeIgniter\CodeIgniter->run()
#10 {main}
ERROR - 2022-11-04 16:32:42 --> mysqli_sql_exception: Column 'kode_produk' in field list is ambiguous in /Applications/MAMP/htdocs/e-kasir/system/Database/MySQLi/Connection.php:314
Stack trace:
#0 /Applications/MAMP/htdocs/e-kasir/system/Database/MySQLi/Connection.php(314): mysqli->query('SELECT `kode_pr...')
#1 /Applications/MAMP/htdocs/e-kasir/system/Database/BaseConnection.php(685): CodeIgniter\Database\MySQLi\Connection->execute('SELECT `kode_pr...')
#2 /Applications/MAMP/htdocs/e-kasir/system/Database/BaseConnection.php(621): CodeIgniter\Database\BaseConnection->simpleQuery('SELECT `kode_pr...')
#3 /Applications/MAMP/htdocs/e-kasir/system/Database/BaseBuilder.php(1866): CodeIgniter\Database\BaseConnection->query('SELECT `kode_pr...', Array, false)
#4 /Applications/MAMP/htdocs/e-kasir/app/Models/getModel.php(146): CodeIgniter\Database\BaseBuilder->get()
#5 /Applications/MAMP/htdocs/e-kasir/app/Controllers/Laporan.php(27): App\Models\getModel->getLaporanHarian('2022-11-04')
#6 /Applications/MAMP/htdocs/e-kasir/system/CodeIgniter.php(936): App\Controllers\Laporan->get_laporan_harian()
#7 /Applications/MAMP/htdocs/e-kasir/system/CodeIgniter.php(432): CodeIgniter\CodeIgniter->runController(Object(App\Controllers\Laporan))
#8 /Applications/MAMP/htdocs/e-kasir/system/CodeIgniter.php(333): CodeIgniter\CodeIgniter->handleRequest(NULL, Object(Config\Cache), false)
#9 /Applications/MAMP/htdocs/e-kasir/index.php(43): CodeIgniter\CodeIgniter->run()
#10 {main}
CRITICAL - 2022-11-04 18:13:55 --> You must set the database table to be used with your query.
#0 /Applications/MAMP/htdocs/e-kasir/system/Model.php(615): CodeIgniter\Database\BaseConnection->table(NULL)
#1 /Applications/MAMP/htdocs/e-kasir/system/Model.php(834): CodeIgniter\Model->builder()
#2 /Applications/MAMP/htdocs/e-kasir/app/Controllers/Laporan.php(49): CodeIgniter\Model->__call('getLaporanBulan...', Array)
#3 /Applications/MAMP/htdocs/e-kasir/system/CodeIgniter.php(936): App\Controllers\Laporan->get_laporan_bulanan()
#4 /Applications/MAMP/htdocs/e-kasir/system/CodeIgniter.php(432): CodeIgniter\CodeIgniter->runController(Object(App\Controllers\Laporan))
#5 /Applications/MAMP/htdocs/e-kasir/system/CodeIgniter.php(333): CodeIgniter\CodeIgniter->handleRequest(NULL, Object(Config\Cache), false)
#6 /Applications/MAMP/htdocs/e-kasir/index.php(43): CodeIgniter\CodeIgniter->run()
#7 {main}
CRITICAL - 2022-11-04 18:16:40 --> You must set the database table to be used with your query.
#0 /Applications/MAMP/htdocs/e-kasir/system/Model.php(615): CodeIgniter\Database\BaseConnection->table(NULL)
#1 /Applications/MAMP/htdocs/e-kasir/system/Model.php(834): CodeIgniter\Model->builder()
#2 /Applications/MAMP/htdocs/e-kasir/app/Controllers/Laporan.php(49): CodeIgniter\Model->__call('getLaporanBulan...', Array)
#3 /Applications/MAMP/htdocs/e-kasir/system/CodeIgniter.php(936): App\Controllers\Laporan->get_laporan_bulanan()
#4 /Applications/MAMP/htdocs/e-kasir/system/CodeIgniter.php(432): CodeIgniter\CodeIgniter->runController(Object(App\Controllers\Laporan))
#5 /Applications/MAMP/htdocs/e-kasir/system/CodeIgniter.php(333): CodeIgniter\CodeIgniter->handleRequest(NULL, Object(Config\Cache), false)
#6 /Applications/MAMP/htdocs/e-kasir/index.php(43): CodeIgniter\CodeIgniter->run()
#7 {main}
CRITICAL - 2022-11-04 18:18:04 --> You must set the database table to be used with your query.
#0 /Applications/MAMP/htdocs/e-kasir/system/Model.php(615): CodeIgniter\Database\BaseConnection->table(NULL)
#1 /Applications/MAMP/htdocs/e-kasir/system/Model.php(834): CodeIgniter\Model->builder()
#2 /Applications/MAMP/htdocs/e-kasir/app/Controllers/Laporan.php(49): CodeIgniter\Model->__call('getLaporanBulan...', Array)
#3 /Applications/MAMP/htdocs/e-kasir/system/CodeIgniter.php(936): App\Controllers\Laporan->get_laporan_bulanan()
#4 /Applications/MAMP/htdocs/e-kasir/system/CodeIgniter.php(432): CodeIgniter\CodeIgniter->runController(Object(App\Controllers\Laporan))
#5 /Applications/MAMP/htdocs/e-kasir/system/CodeIgniter.php(333): CodeIgniter\CodeIgniter->handleRequest(NULL, Object(Config\Cache), false)
#6 /Applications/MAMP/htdocs/e-kasir/index.php(43): CodeIgniter\CodeIgniter->run()
#7 {main}
ERROR - 2022-11-04 18:18:09 --> mysqli_sql_exception: You have an error in your SQL syntax; check the manual that corresponds to your MySQL server version for the right syntax to use near 'as month = '01'
AND SUBSTRING(tgl_jual, 0, -6) as year = '2022'' at line 5 in /Applications/MAMP/htdocs/e-kasir/system/Database/MySQLi/Connection.php:314
Stack trace:
#0 /Applications/MAMP/htdocs/e-kasir/system/Database/MySQLi/Connection.php(314): mysqli->query('SELECT *\nFROM `...')
#1 /Applications/MAMP/htdocs/e-kasir/system/Database/BaseConnection.php(685): CodeIgniter\Database\MySQLi\Connection->execute('SELECT *\nFROM `...')
#2 /Applications/MAMP/htdocs/e-kasir/system/Database/BaseConnection.php(621): CodeIgniter\Database\BaseConnection->simpleQuery('SELECT *\nFROM `...')
#3 /Applications/MAMP/htdocs/e-kasir/system/Database/BaseBuilder.php(1866): CodeIgniter\Database\BaseConnection->query('SELECT *\nFROM `...', Array, false)
#4 /Applications/MAMP/htdocs/e-kasir/app/Models/getModel.php(166): CodeIgniter\Database\BaseBuilder->get()
#5 /Applications/MAMP/htdocs/e-kasir/app/Controllers/Laporan.php(51): App\Models\getModel->getLaporanBulanan('01', '2022')
#6 /Applications/MAMP/htdocs/e-kasir/system/CodeIgniter.php(936): App\Controllers\Laporan->get_laporan_bulanan()
#7 /Applications/MAMP/htdocs/e-kasir/system/CodeIgniter.php(432): CodeIgniter\CodeIgniter->runController(Object(App\Controllers\Laporan))
#8 /Applications/MAMP/htdocs/e-kasir/system/CodeIgniter.php(333): CodeIgniter\CodeIgniter->handleRequest(NULL, Object(Config\Cache), false)
#9 /Applications/MAMP/htdocs/e-kasir/index.php(43): CodeIgniter\CodeIgniter->run()
#10 {main}
CRITICAL - 2022-11-04 18:18:09 --> You have an error in your SQL syntax; check the manual that corresponds to your MySQL server version for the right syntax to use near 'as month = '01'
AND SUBSTRING(tgl_jual, 0, -6) as year = '2022'' at line 5
#0 /Applications/MAMP/htdocs/e-kasir/system/Database/MySQLi/Connection.php(314): mysqli->query('SELECT *\nFROM `...')
#1 /Applications/MAMP/htdocs/e-kasir/system/Database/BaseConnection.php(685): CodeIgniter\Database\MySQLi\Connection->execute('SELECT *\nFROM `...')
#2 /Applications/MAMP/htdocs/e-kasir/system/Database/BaseConnection.php(621): CodeIgniter\Database\BaseConnection->simpleQuery('SELECT *\nFROM `...')
#3 /Applications/MAMP/htdocs/e-kasir/system/Database/BaseBuilder.php(1866): CodeIgniter\Database\BaseConnection->query('SELECT *\nFROM `...', Array, false)
#4 /Applications/MAMP/htdocs/e-kasir/app/Models/getModel.php(166): CodeIgniter\Database\BaseBuilder->get()
#5 /Applications/MAMP/htdocs/e-kasir/app/Controllers/Laporan.php(51): App\Models\getModel->getLaporanBulanan('01', '2022')
#6 /Applications/MAMP/htdocs/e-kasir/system/CodeIgniter.php(936): App\Controllers\Laporan->get_laporan_bulanan()
#7 /Applications/MAMP/htdocs/e-kasir/system/CodeIgniter.php(432): CodeIgniter\CodeIgniter->runController(Object(App\Controllers\Laporan))
#8 /Applications/MAMP/htdocs/e-kasir/system/CodeIgniter.php(333): CodeIgniter\CodeIgniter->handleRequest(NULL, Object(Config\Cache), false)
#9 /Applications/MAMP/htdocs/e-kasir/index.php(43): CodeIgniter\CodeIgniter->run()
#10 {main}
CRITICAL - 2022-11-04 18:20:58 --> You must set the database table to be used with your query.
#0 /Applications/MAMP/htdocs/e-kasir/system/Model.php(615): CodeIgniter\Database\BaseConnection->table(NULL)
#1 /Applications/MAMP/htdocs/e-kasir/system/Model.php(834): CodeIgniter\Model->builder()
#2 /Applications/MAMP/htdocs/e-kasir/app/Controllers/Laporan.php(49): CodeIgniter\Model->__call('getLaporanBulan...', Array)
#3 /Applications/MAMP/htdocs/e-kasir/system/CodeIgniter.php(936): App\Controllers\Laporan->get_laporan_bulanan()
#4 /Applications/MAMP/htdocs/e-kasir/system/CodeIgniter.php(432): CodeIgniter\CodeIgniter->runController(Object(App\Controllers\Laporan))
#5 /Applications/MAMP/htdocs/e-kasir/system/CodeIgniter.php(333): CodeIgniter\CodeIgniter->handleRequest(NULL, Object(Config\Cache), false)
#6 /Applications/MAMP/htdocs/e-kasir/index.php(43): CodeIgniter\CodeIgniter->run()
#7 {main}
