CRITICAL - 2023-06-05 01:44:09 --> Call to undefined function App\Controllers\date_indo()
#0 /Applications/MAMP/htdocs/e-kasir/system/CodeIgniter.php(936): App\Controllers\Laporan->get_laporan_harian()
#1 /Applications/MAMP/htdocs/e-kasir/system/CodeIgniter.php(432): CodeIgniter\CodeIgniter->runController(Object(App\Controllers\Laporan))
#2 /Applications/MAMP/htdocs/e-kasir/system/CodeIgniter.php(333): CodeIgniter\CodeIgniter->handleRequest(NULL, Object(Config\Cache), false)
#3 /Applications/MAMP/htdocs/e-kasir/index.php(43): CodeIgniter\CodeIgniter->run()
#4 {main}
ERROR - 2023-06-05 02:12:34 --> mysqli_sql_exception: Unknown column 'nama_barang' in 'field list' in /Applications/MAMP/htdocs/e-kasir/system/Database/MySQLi/Connection.php:314
Stack trace:
#0 /Applications/MAMP/htdocs/e-kasir/system/Database/MySQLi/Connection.php(314): mysqli->query('SELECT nama_bar...')
#1 /Applications/MAMP/htdocs/e-kasir/system/Database/BaseConnection.php(685): CodeIgniter\Database\MySQLi\Connection->execute('SELECT nama_bar...')
#2 /Applications/MAMP/htdocs/e-kasir/system/Database/BaseConnection.php(621): CodeIgniter\Database\BaseConnection->simpleQuery('SELECT nama_bar...')
#3 /Applications/MAMP/htdocs/e-kasir/app/Views/layout.php(39): CodeIgniter\Database\BaseConnection->query('SELECT nama_bar...')
#4 /Applications/MAMP/htdocs/e-kasir/system/View/View.php(220): include('/Applications/M...')
#5 /Applications/MAMP/htdocs/e-kasir/system/View/View.php(222): CodeIgniter\View\View->CodeIgniter\View\{closure}()
#6 /Applications/MAMP/htdocs/e-kasir/system/View/View.php(236): CodeIgniter\View\View->render('layout', Array, true)
#7 /Applications/MAMP/htdocs/e-kasir/system/Common.php(1217): CodeIgniter\View\View->render('profil/index', Array, true)
#8 /Applications/MAMP/htdocs/e-kasir/app/Controllers/Profil.php(23): view('profil/index', Array)
#9 /Applications/MAMP/htdocs/e-kasir/system/CodeIgniter.php(936): App\Controllers\Profil->index()
#10 /Applications/MAMP/htdocs/e-kasir/system/CodeIgniter.php(432): CodeIgniter\CodeIgniter->runController(Object(App\Controllers\Profil))
#11 /Applications/MAMP/htdocs/e-kasir/system/CodeIgniter.php(333): CodeIgniter\CodeIgniter->handleRequest(NULL, Object(Config\Cache), false)
#12 /Applications/MAMP/htdocs/e-kasir/index.php(43): CodeIgniter\CodeIgniter->run()
#13 {main}
CRITICAL - 2023-06-05 02:12:34 --> Unknown column 'nama_barang' in 'field list'
#0 /Applications/MAMP/htdocs/e-kasir/system/Database/MySQLi/Connection.php(314): mysqli->query('SELECT nama_bar...')
#1 /Applications/MAMP/htdocs/e-kasir/system/Database/BaseConnection.php(685): CodeIgniter\Database\MySQLi\Connection->execute('SELECT nama_bar...')
#2 /Applications/MAMP/htdocs/e-kasir/system/Database/BaseConnection.php(621): CodeIgniter\Database\BaseConnection->simpleQuery('SELECT nama_bar...')
#3 /Applications/MAMP/htdocs/e-kasir/app/Views/layout.php(39): CodeIgniter\Database\BaseConnection->query('SELECT nama_bar...')
#4 /Applications/MAMP/htdocs/e-kasir/system/View/View.php(220): include('/Applications/M...')
#5 /Applications/MAMP/htdocs/e-kasir/system/View/View.php(222): CodeIgniter\View\View->CodeIgniter\View\{closure}()
#6 /Applications/MAMP/htdocs/e-kasir/system/View/View.php(236): CodeIgniter\View\View->render('layout', Array, true)
#7 /Applications/MAMP/htdocs/e-kasir/system/Common.php(1217): CodeIgniter\View\View->render('profil/index', Array, true)
#8 /Applications/MAMP/htdocs/e-kasir/app/Controllers/Profil.php(23): view('profil/index', Array)
#9 /Applications/MAMP/htdocs/e-kasir/system/CodeIgniter.php(936): App\Controllers\Profil->index()
#10 /Applications/MAMP/htdocs/e-kasir/system/CodeIgniter.php(432): CodeIgniter\CodeIgniter->runController(Object(App\Controllers\Profil))
#11 /Applications/MAMP/htdocs/e-kasir/system/CodeIgniter.php(333): CodeIgniter\CodeIgniter->handleRequest(NULL, Object(Config\Cache), false)
#12 /Applications/MAMP/htdocs/e-kasir/index.php(43): CodeIgniter\CodeIgniter->run()
#13 {main}
ERROR - 2023-06-05 02:12:43 --> mysqli_sql_exception: Unknown column 'nama_barang' in 'field list' in /Applications/MAMP/htdocs/e-kasir/system/Database/MySQLi/Connection.php:314
Stack trace:
#0 /Applications/MAMP/htdocs/e-kasir/system/Database/MySQLi/Connection.php(314): mysqli->query('SELECT nama_bar...')
#1 /Applications/MAMP/htdocs/e-kasir/system/Database/BaseConnection.php(685): CodeIgniter\Database\MySQLi\Connection->execute('SELECT nama_bar...')
#2 /Applications/MAMP/htdocs/e-kasir/system/Database/BaseConnection.php(621): CodeIgniter\Database\BaseConnection->simpleQuery('SELECT nama_bar...')
#3 /Applications/MAMP/htdocs/e-kasir/app/Views/layout.php(39): CodeIgniter\Database\BaseConnection->query('SELECT nama_bar...')
#4 /Applications/MAMP/htdocs/e-kasir/system/View/View.php(220): include('/Applications/M...')
#5 /Applications/MAMP/htdocs/e-kasir/system/View/View.php(222): CodeIgniter\View\View->CodeIgniter\View\{closure}()
#6 /Applications/MAMP/htdocs/e-kasir/system/View/View.php(236): CodeIgniter\View\View->render('layout', Array, true)
#7 /Applications/MAMP/htdocs/e-kasir/system/Common.php(1217): CodeIgniter\View\View->render('profil/index', Array, true)
#8 /Applications/MAMP/htdocs/e-kasir/app/Controllers/Profil.php(23): view('profil/index', Array)
#9 /Applications/MAMP/htdocs/e-kasir/system/CodeIgniter.php(936): App\Controllers\Profil->index()
#10 /Applications/MAMP/htdocs/e-kasir/system/CodeIgniter.php(432): CodeIgniter\CodeIgniter->runController(Object(App\Controllers\Profil))
#11 /Applications/MAMP/htdocs/e-kasir/system/CodeIgniter.php(333): CodeIgniter\CodeIgniter->handleRequest(NULL, Object(Config\Cache), false)
#12 /Applications/MAMP/htdocs/e-kasir/index.php(43): CodeIgniter\CodeIgniter->run()
#13 {main}
CRITICAL - 2023-06-05 02:12:43 --> Unknown column 'nama_barang' in 'field list'
#0 /Applications/MAMP/htdocs/e-kasir/system/Database/MySQLi/Connection.php(314): mysqli->query('SELECT nama_bar...')
#1 /Applications/MAMP/htdocs/e-kasir/system/Database/BaseConnection.php(685): CodeIgniter\Database\MySQLi\Connection->execute('SELECT nama_bar...')
#2 /Applications/MAMP/htdocs/e-kasir/system/Database/BaseConnection.php(621): CodeIgniter\Database\BaseConnection->simpleQuery('SELECT nama_bar...')
#3 /Applications/MAMP/htdocs/e-kasir/app/Views/layout.php(39): CodeIgniter\Database\BaseConnection->query('SELECT nama_bar...')
#4 /Applications/MAMP/htdocs/e-kasir/system/View/View.php(220): include('/Applications/M...')
#5 /Applications/MAMP/htdocs/e-kasir/system/View/View.php(222): CodeIgniter\View\View->CodeIgniter\View\{closure}()
#6 /Applications/MAMP/htdocs/e-kasir/system/View/View.php(236): CodeIgniter\View\View->render('layout', Array, true)
#7 /Applications/MAMP/htdocs/e-kasir/system/Common.php(1217): CodeIgniter\View\View->render('profil/index', Array, true)
#8 /Applications/MAMP/htdocs/e-kasir/app/Controllers/Profil.php(23): view('profil/index', Array)
#9 /Applications/MAMP/htdocs/e-kasir/system/CodeIgniter.php(936): App\Controllers\Profil->index()
#10 /Applications/MAMP/htdocs/e-kasir/system/CodeIgniter.php(432): CodeIgniter\CodeIgniter->runController(Object(App\Controllers\Profil))
#11 /Applications/MAMP/htdocs/e-kasir/system/CodeIgniter.php(333): CodeIgniter\CodeIgniter->handleRequest(NULL, Object(Config\Cache), false)
#12 /Applications/MAMP/htdocs/e-kasir/index.php(43): CodeIgniter\CodeIgniter->run()
#13 {main}
ERROR - 2023-06-05 02:13:32 --> mysqli_sql_exception: Unknown column 'nama_barang' in 'field list' in /Applications/MAMP/htdocs/e-kasir/system/Database/MySQLi/Connection.php:314
Stack trace:
#0 /Applications/MAMP/htdocs/e-kasir/system/Database/MySQLi/Connection.php(314): mysqli->query('SELECT nama_bar...')
#1 /Applications/MAMP/htdocs/e-kasir/system/Database/BaseConnection.php(685): CodeIgniter\Database\MySQLi\Connection->execute('SELECT nama_bar...')
#2 /Applications/MAMP/htdocs/e-kasir/system/Database/BaseConnection.php(621): CodeIgniter\Database\BaseConnection->simpleQuery('SELECT nama_bar...')
#3 /Applications/MAMP/htdocs/e-kasir/app/Views/layout.php(39): CodeIgniter\Database\BaseConnection->query('SELECT nama_bar...')
#4 /Applications/MAMP/htdocs/e-kasir/system/View/View.php(220): include('/Applications/M...')
#5 /Applications/MAMP/htdocs/e-kasir/system/View/View.php(222): CodeIgniter\View\View->CodeIgniter\View\{closure}()
#6 /Applications/MAMP/htdocs/e-kasir/system/View/View.php(236): CodeIgniter\View\View->render('layout', Array, true)
#7 /Applications/MAMP/htdocs/e-kasir/system/Common.php(1217): CodeIgniter\View\View->render('profil/index', Array, true)
#8 /Applications/MAMP/htdocs/e-kasir/app/Controllers/Profil.php(23): view('profil/index', Array)
#9 /Applications/MAMP/htdocs/e-kasir/system/CodeIgniter.php(936): App\Controllers\Profil->index()
#10 /Applications/MAMP/htdocs/e-kasir/system/CodeIgniter.php(432): CodeIgniter\CodeIgniter->runController(Object(App\Controllers\Profil))
#11 /Applications/MAMP/htdocs/e-kasir/system/CodeIgniter.php(333): CodeIgniter\CodeIgniter->handleRequest(NULL, Object(Config\Cache), false)
#12 /Applications/MAMP/htdocs/e-kasir/index.php(43): CodeIgniter\CodeIgniter->run()
#13 {main}
CRITICAL - 2023-06-05 02:13:32 --> Unknown column 'nama_barang' in 'field list'
#0 /Applications/MAMP/htdocs/e-kasir/system/Database/MySQLi/Connection.php(314): mysqli->query('SELECT nama_bar...')
#1 /Applications/MAMP/htdocs/e-kasir/system/Database/BaseConnection.php(685): CodeIgniter\Database\MySQLi\Connection->execute('SELECT nama_bar...')
#2 /Applications/MAMP/htdocs/e-kasir/system/Database/BaseConnection.php(621): CodeIgniter\Database\BaseConnection->simpleQuery('SELECT nama_bar...')
#3 /Applications/MAMP/htdocs/e-kasir/app/Views/layout.php(39): CodeIgniter\Database\BaseConnection->query('SELECT nama_bar...')
#4 /Applications/MAMP/htdocs/e-kasir/system/View/View.php(220): include('/Applications/M...')
#5 /Applications/MAMP/htdocs/e-kasir/system/View/View.php(222): CodeIgniter\View\View->CodeIgniter\View\{closure}()
#6 /Applications/MAMP/htdocs/e-kasir/system/View/View.php(236): CodeIgniter\View\View->render('layout', Array, true)
#7 /Applications/MAMP/htdocs/e-kasir/system/Common.php(1217): CodeIgniter\View\View->render('profil/index', Array, true)
#8 /Applications/MAMP/htdocs/e-kasir/app/Controllers/Profil.php(23): view('profil/index', Array)
#9 /Applications/MAMP/htdocs/e-kasir/system/CodeIgniter.php(936): App\Controllers\Profil->index()
#10 /Applications/MAMP/htdocs/e-kasir/system/CodeIgniter.php(432): CodeIgniter\CodeIgniter->runController(Object(App\Controllers\Profil))
#11 /Applications/MAMP/htdocs/e-kasir/system/CodeIgniter.php(333): CodeIgniter\CodeIgniter->handleRequest(NULL, Object(Config\Cache), false)
#12 /Applications/MAMP/htdocs/e-kasir/index.php(43): CodeIgniter\CodeIgniter->run()
#13 {main}
ERROR - 2023-06-05 02:13:33 --> mysqli_sql_exception: Unknown column 'nama_barang' in 'field list' in /Applications/MAMP/htdocs/e-kasir/system/Database/MySQLi/Connection.php:314
Stack trace:
#0 /Applications/MAMP/htdocs/e-kasir/system/Database/MySQLi/Connection.php(314): mysqli->query('SELECT nama_bar...')
#1 /Applications/MAMP/htdocs/e-kasir/system/Database/BaseConnection.php(685): CodeIgniter\Database\MySQLi\Connection->execute('SELECT nama_bar...')
#2 /Applications/MAMP/htdocs/e-kasir/system/Database/BaseConnection.php(621): CodeIgniter\Database\BaseConnection->simpleQuery('SELECT nama_bar...')
#3 /Applications/MAMP/htdocs/e-kasir/app/Views/layout.php(39): CodeIgniter\Database\BaseConnection->query('SELECT nama_bar...')
#4 /Applications/MAMP/htdocs/e-kasir/system/View/View.php(220): include('/Applications/M...')
#5 /Applications/MAMP/htdocs/e-kasir/system/View/View.php(222): CodeIgniter\View\View->CodeIgniter\View\{closure}()
#6 /Applications/MAMP/htdocs/e-kasir/system/View/View.php(236): CodeIgniter\View\View->render('layout', Array, true)
#7 /Applications/MAMP/htdocs/e-kasir/system/Common.php(1217): CodeIgniter\View\View->render('profil/index', Array, true)
#8 /Applications/MAMP/htdocs/e-kasir/app/Controllers/Profil.php(23): view('profil/index', Array)
#9 /Applications/MAMP/htdocs/e-kasir/system/CodeIgniter.php(936): App\Controllers\Profil->index()
#10 /Applications/MAMP/htdocs/e-kasir/system/CodeIgniter.php(432): CodeIgniter\CodeIgniter->runController(Object(App\Controllers\Profil))
#11 /Applications/MAMP/htdocs/e-kasir/system/CodeIgniter.php(333): CodeIgniter\CodeIgniter->handleRequest(NULL, Object(Config\Cache), false)
#12 /Applications/MAMP/htdocs/e-kasir/index.php(43): CodeIgniter\CodeIgniter->run()
#13 {main}
CRITICAL - 2023-06-05 02:13:33 --> Unknown column 'nama_barang' in 'field list'
#0 /Applications/MAMP/htdocs/e-kasir/system/Database/MySQLi/Connection.php(314): mysqli->query('SELECT nama_bar...')
#1 /Applications/MAMP/htdocs/e-kasir/system/Database/BaseConnection.php(685): CodeIgniter\Database\MySQLi\Connection->execute('SELECT nama_bar...')
#2 /Applications/MAMP/htdocs/e-kasir/system/Database/BaseConnection.php(621): CodeIgniter\Database\BaseConnection->simpleQuery('SELECT nama_bar...')
#3 /Applications/MAMP/htdocs/e-kasir/app/Views/layout.php(39): CodeIgniter\Database\BaseConnection->query('SELECT nama_bar...')
#4 /Applications/MAMP/htdocs/e-kasir/system/View/View.php(220): include('/Applications/M...')
#5 /Applications/MAMP/htdocs/e-kasir/system/View/View.php(222): CodeIgniter\View\View->CodeIgniter\View\{closure}()
#6 /Applications/MAMP/htdocs/e-kasir/system/View/View.php(236): CodeIgniter\View\View->render('layout', Array, true)
#7 /Applications/MAMP/htdocs/e-kasir/system/Common.php(1217): CodeIgniter\View\View->render('profil/index', Array, true)
#8 /Applications/MAMP/htdocs/e-kasir/app/Controllers/Profil.php(23): view('profil/index', Array)
#9 /Applications/MAMP/htdocs/e-kasir/system/CodeIgniter.php(936): App\Controllers\Profil->index()
#10 /Applications/MAMP/htdocs/e-kasir/system/CodeIgniter.php(432): CodeIgniter\CodeIgniter->runController(Object(App\Controllers\Profil))
#11 /Applications/MAMP/htdocs/e-kasir/system/CodeIgniter.php(333): CodeIgniter\CodeIgniter->handleRequest(NULL, Object(Config\Cache), false)
#12 /Applications/MAMP/htdocs/e-kasir/index.php(43): CodeIgniter\CodeIgniter->run()
#13 {main}
CRITICAL - 2023-06-05 02:13:59 --> Trying to get property 'image' of non-object
#0 /Applications/MAMP/htdocs/e-kasir/app/Views/profil/index.php(12): CodeIgniter\Debug\Exceptions->errorHandler(8, 'Trying to get p...', '/Applications/M...', 12, Array)
#1 /Applications/MAMP/htdocs/e-kasir/system/View/View.php(220): include('/Applications/M...')
#2 /Applications/MAMP/htdocs/e-kasir/system/View/View.php(222): CodeIgniter\View\View->CodeIgniter\View\{closure}()
#3 /Applications/MAMP/htdocs/e-kasir/system/Common.php(1217): CodeIgniter\View\View->render('profil/index', Array, true)
#4 /Applications/MAMP/htdocs/e-kasir/app/Controllers/Profil.php(23): view('profil/index', Array)
#5 /Applications/MAMP/htdocs/e-kasir/system/CodeIgniter.php(936): App\Controllers\Profil->index()
#6 /Applications/MAMP/htdocs/e-kasir/system/CodeIgniter.php(432): CodeIgniter\CodeIgniter->runController(Object(App\Controllers\Profil))
#7 /Applications/MAMP/htdocs/e-kasir/system/CodeIgniter.php(333): CodeIgniter\CodeIgniter->handleRequest(NULL, Object(Config\Cache), false)
#8 /Applications/MAMP/htdocs/e-kasir/index.php(43): CodeIgniter\CodeIgniter->run()
#9 {main}
CRITICAL - 2023-06-05 02:14:49 --> Trying to get property 'username' of non-object
#0 /Applications/MAMP/htdocs/e-kasir/app/Views/kasir/kasir.php(26): CodeIgniter\Debug\Exceptions->errorHandler(8, 'Trying to get p...', '/Applications/M...', 26, Array)
#1 /Applications/MAMP/htdocs/e-kasir/system/View/View.php(220): include('/Applications/M...')
#2 /Applications/MAMP/htdocs/e-kasir/system/View/View.php(222): CodeIgniter\View\View->CodeIgniter\View\{closure}()
#3 /Applications/MAMP/htdocs/e-kasir/system/Common.php(1217): CodeIgniter\View\View->render('kasir/kasir', Array, true)
#4 /Applications/MAMP/htdocs/e-kasir/app/Controllers/Kasir.php(38): view('kasir/kasir', Array)
#5 /Applications/MAMP/htdocs/e-kasir/system/CodeIgniter.php(936): App\Controllers\Kasir->index()
#6 /Applications/MAMP/htdocs/e-kasir/system/CodeIgniter.php(432): CodeIgniter\CodeIgniter->runController(Object(App\Controllers\Kasir))
#7 /Applications/MAMP/htdocs/e-kasir/system/CodeIgniter.php(333): CodeIgniter\CodeIgniter->handleRequest(NULL, Object(Config\Cache), false)
#8 /Applications/MAMP/htdocs/e-kasir/index.php(43): CodeIgniter\CodeIgniter->run()
#9 {main}
CRITICAL - 2023-06-05 02:15:00 --> Trying to get property 'username' of non-object
#0 /Applications/MAMP/htdocs/e-kasir/app/Views/kasir/kasir.php(26): CodeIgniter\Debug\Exceptions->errorHandler(8, 'Trying to get p...', '/Applications/M...', 26, Array)
#1 /Applications/MAMP/htdocs/e-kasir/system/View/View.php(220): include('/Applications/M...')
#2 /Applications/MAMP/htdocs/e-kasir/system/View/View.php(222): CodeIgniter\View\View->CodeIgniter\View\{closure}()
#3 /Applications/MAMP/htdocs/e-kasir/system/Common.php(1217): CodeIgniter\View\View->render('kasir/kasir', Array, true)
#4 /Applications/MAMP/htdocs/e-kasir/app/Controllers/Kasir.php(38): view('kasir/kasir', Array)
#5 /Applications/MAMP/htdocs/e-kasir/system/CodeIgniter.php(936): App\Controllers\Kasir->index()
#6 /Applications/MAMP/htdocs/e-kasir/system/CodeIgniter.php(432): CodeIgniter\CodeIgniter->runController(Object(App\Controllers\Kasir))
#7 /Applications/MAMP/htdocs/e-kasir/system/CodeIgniter.php(333): CodeIgniter\CodeIgniter->handleRequest(NULL, Object(Config\Cache), false)
#8 /Applications/MAMP/htdocs/e-kasir/index.php(43): CodeIgniter\CodeIgniter->run()
#9 {main}
CRITICAL - 2023-06-05 02:15:02 --> Trying to get property 'username' of non-object
#0 /Applications/MAMP/htdocs/e-kasir/app/Views/kasir/kasir.php(26): CodeIgniter\Debug\Exceptions->errorHandler(8, 'Trying to get p...', '/Applications/M...', 26, Array)
#1 /Applications/MAMP/htdocs/e-kasir/system/View/View.php(220): include('/Applications/M...')
#2 /Applications/MAMP/htdocs/e-kasir/system/View/View.php(222): CodeIgniter\View\View->CodeIgniter\View\{closure}()
#3 /Applications/MAMP/htdocs/e-kasir/system/Common.php(1217): CodeIgniter\View\View->render('kasir/kasir', Array, true)
#4 /Applications/MAMP/htdocs/e-kasir/app/Controllers/Kasir.php(38): view('kasir/kasir', Array)
#5 /Applications/MAMP/htdocs/e-kasir/system/CodeIgniter.php(936): App\Controllers\Kasir->index()
#6 /Applications/MAMP/htdocs/e-kasir/system/CodeIgniter.php(432): CodeIgniter\CodeIgniter->runController(Object(App\Controllers\Kasir))
#7 /Applications/MAMP/htdocs/e-kasir/system/CodeIgniter.php(333): CodeIgniter\CodeIgniter->handleRequest(NULL, Object(Config\Cache), false)
#8 /Applications/MAMP/htdocs/e-kasir/index.php(43): CodeIgniter\CodeIgniter->run()
#9 {main}
ERROR - 2023-06-05 02:15:23 --> mysqli_sql_exception: Unknown column 'nama_barang' in 'field list' in /Applications/MAMP/htdocs/e-kasir/system/Database/MySQLi/Connection.php:314
Stack trace:
#0 /Applications/MAMP/htdocs/e-kasir/system/Database/MySQLi/Connection.php(314): mysqli->query('SELECT nama_bar...')
#1 /Applications/MAMP/htdocs/e-kasir/system/Database/BaseConnection.php(685): CodeIgniter\Database\MySQLi\Connection->execute('SELECT nama_bar...')
#2 /Applications/MAMP/htdocs/e-kasir/system/Database/BaseConnection.php(621): CodeIgniter\Database\BaseConnection->simpleQuery('SELECT nama_bar...')
#3 /Applications/MAMP/htdocs/e-kasir/app/Views/layout.php(39): CodeIgniter\Database\BaseConnection->query('SELECT nama_bar...')
#4 /Applications/MAMP/htdocs/e-kasir/system/View/View.php(220): include('/Applications/M...')
#5 /Applications/MAMP/htdocs/e-kasir/system/View/View.php(222): CodeIgniter\View\View->CodeIgniter\View\{closure}()
#6 /Applications/MAMP/htdocs/e-kasir/system/View/View.php(236): CodeIgniter\View\View->render('layout', Array, true)
#7 /Applications/MAMP/htdocs/e-kasir/system/Common.php(1217): CodeIgniter\View\View->render('kasir/kasir', Array, true)
#8 /Applications/MAMP/htdocs/e-kasir/app/Controllers/Kasir.php(38): view('kasir/kasir', Array)
#9 /Applications/MAMP/htdocs/e-kasir/system/CodeIgniter.php(936): App\Controllers\Kasir->index()
#10 /Applications/MAMP/htdocs/e-kasir/system/CodeIgniter.php(432): CodeIgniter\CodeIgniter->runController(Object(App\Controllers\Kasir))
#11 /Applications/MAMP/htdocs/e-kasir/system/CodeIgniter.php(333): CodeIgniter\CodeIgniter->handleRequest(NULL, Object(Config\Cache), false)
#12 /Applications/MAMP/htdocs/e-kasir/index.php(43): CodeIgniter\CodeIgniter->run()
#13 {main}
CRITICAL - 2023-06-05 02:15:23 --> Unknown column 'nama_barang' in 'field list'
#0 /Applications/MAMP/htdocs/e-kasir/system/Database/MySQLi/Connection.php(314): mysqli->query('SELECT nama_bar...')
#1 /Applications/MAMP/htdocs/e-kasir/system/Database/BaseConnection.php(685): CodeIgniter\Database\MySQLi\Connection->execute('SELECT nama_bar...')
#2 /Applications/MAMP/htdocs/e-kasir/system/Database/BaseConnection.php(621): CodeIgniter\Database\BaseConnection->simpleQuery('SELECT nama_bar...')
#3 /Applications/MAMP/htdocs/e-kasir/app/Views/layout.php(39): CodeIgniter\Database\BaseConnection->query('SELECT nama_bar...')
#4 /Applications/MAMP/htdocs/e-kasir/system/View/View.php(220): include('/Applications/M...')
#5 /Applications/MAMP/htdocs/e-kasir/system/View/View.php(222): CodeIgniter\View\View->CodeIgniter\View\{closure}()
#6 /Applications/MAMP/htdocs/e-kasir/system/View/View.php(236): CodeIgniter\View\View->render('layout', Array, true)
#7 /Applications/MAMP/htdocs/e-kasir/system/Common.php(1217): CodeIgniter\View\View->render('kasir/kasir', Array, true)
#8 /Applications/MAMP/htdocs/e-kasir/app/Controllers/Kasir.php(38): view('kasir/kasir', Array)
#9 /Applications/MAMP/htdocs/e-kasir/system/CodeIgniter.php(936): App\Controllers\Kasir->index()
#10 /Applications/MAMP/htdocs/e-kasir/system/CodeIgniter.php(432): CodeIgniter\CodeIgniter->runController(Object(App\Controllers\Kasir))
#11 /Applications/MAMP/htdocs/e-kasir/system/CodeIgniter.php(333): CodeIgniter\CodeIgniter->handleRequest(NULL, Object(Config\Cache), false)
#12 /Applications/MAMP/htdocs/e-kasir/index.php(43): CodeIgniter\CodeIgniter->run()
#13 {main}
ERROR - 2023-06-05 02:15:57 --> mysqli_sql_exception: Unknown column 'nama_barang' in 'field list' in /Applications/MAMP/htdocs/e-kasir/system/Database/MySQLi/Connection.php:314
Stack trace:
#0 /Applications/MAMP/htdocs/e-kasir/system/Database/MySQLi/Connection.php(314): mysqli->query('SELECT nama_bar...')
#1 /Applications/MAMP/htdocs/e-kasir/system/Database/BaseConnection.php(685): CodeIgniter\Database\MySQLi\Connection->execute('SELECT nama_bar...')
#2 /Applications/MAMP/htdocs/e-kasir/system/Database/BaseConnection.php(621): CodeIgniter\Database\BaseConnection->simpleQuery('SELECT nama_bar...')
#3 /Applications/MAMP/htdocs/e-kasir/app/Views/layout.php(39): CodeIgniter\Database\BaseConnection->query('SELECT nama_bar...')
#4 /Applications/MAMP/htdocs/e-kasir/system/View/View.php(220): include('/Applications/M...')
#5 /Applications/MAMP/htdocs/e-kasir/system/View/View.php(222): CodeIgniter\View\View->CodeIgniter\View\{closure}()
#6 /Applications/MAMP/htdocs/e-kasir/system/View/View.php(236): CodeIgniter\View\View->render('layout', Array, true)
#7 /Applications/MAMP/htdocs/e-kasir/system/Common.php(1217): CodeIgniter\View\View->render('kasir/kasir', Array, true)
#8 /Applications/MAMP/htdocs/e-kasir/app/Controllers/Kasir.php(38): view('kasir/kasir', Array)
#9 /Applications/MAMP/htdocs/e-kasir/system/CodeIgniter.php(936): App\Controllers\Kasir->index()
#10 /Applications/MAMP/htdocs/e-kasir/system/CodeIgniter.php(432): CodeIgniter\CodeIgniter->runController(Object(App\Controllers\Kasir))
#11 /Applications/MAMP/htdocs/e-kasir/system/CodeIgniter.php(333): CodeIgniter\CodeIgniter->handleRequest(NULL, Object(Config\Cache), false)
#12 /Applications/MAMP/htdocs/e-kasir/index.php(43): CodeIgniter\CodeIgniter->run()
#13 {main}
CRITICAL - 2023-06-05 02:15:57 --> Unknown column 'nama_barang' in 'field list'
#0 /Applications/MAMP/htdocs/e-kasir/system/Database/MySQLi/Connection.php(314): mysqli->query('SELECT nama_bar...')
#1 /Applications/MAMP/htdocs/e-kasir/system/Database/BaseConnection.php(685): CodeIgniter\Database\MySQLi\Connection->execute('SELECT nama_bar...')
#2 /Applications/MAMP/htdocs/e-kasir/system/Database/BaseConnection.php(621): CodeIgniter\Database\BaseConnection->simpleQuery('SELECT nama_bar...')
#3 /Applications/MAMP/htdocs/e-kasir/app/Views/layout.php(39): CodeIgniter\Database\BaseConnection->query('SELECT nama_bar...')
#4 /Applications/MAMP/htdocs/e-kasir/system/View/View.php(220): include('/Applications/M...')
#5 /Applications/MAMP/htdocs/e-kasir/system/View/View.php(222): CodeIgniter\View\View->CodeIgniter\View\{closure}()
#6 /Applications/MAMP/htdocs/e-kasir/system/View/View.php(236): CodeIgniter\View\View->render('layout', Array, true)
#7 /Applications/MAMP/htdocs/e-kasir/system/Common.php(1217): CodeIgniter\View\View->render('kasir/kasir', Array, true)
#8 /Applications/MAMP/htdocs/e-kasir/app/Controllers/Kasir.php(38): view('kasir/kasir', Array)
#9 /Applications/MAMP/htdocs/e-kasir/system/CodeIgniter.php(936): App\Controllers\Kasir->index()
#10 /Applications/MAMP/htdocs/e-kasir/system/CodeIgniter.php(432): CodeIgniter\CodeIgniter->runController(Object(App\Controllers\Kasir))
#11 /Applications/MAMP/htdocs/e-kasir/system/CodeIgniter.php(333): CodeIgniter\CodeIgniter->handleRequest(NULL, Object(Config\Cache), false)
#12 /Applications/MAMP/htdocs/e-kasir/index.php(43): CodeIgniter\CodeIgniter->run()
#13 {main}
