CRITICAL - 2022-09-07 00:17:25 --> Invalid file: dashboard.php
#0 /Applications/MAMP/htdocs/kasir/system/View/View.php(203): CodeIgniter\Exceptions\FrameworkException::forInvalidFile('dashboard.php')
#1 /Applications/MAMP/htdocs/kasir/system/Common.php(1217): CodeIgniter\View\View->render('dashboard', Array, true)
#2 /Applications/MAMP/htdocs/kasir/app/Controllers/Home.php(14): view('dashboard', Array)
#3 /Applications/MAMP/htdocs/kasir/system/CodeIgniter.php(936): App\Controllers\Home->index()
#4 /Applications/MAMP/htdocs/kasir/system/CodeIgniter.php(432): CodeIgniter\CodeIgniter->runController(Object(App\Controllers\Home))
#5 /Applications/MAMP/htdocs/kasir/system/CodeIgniter.php(333): CodeIgniter\CodeIgniter->handleRequest(NULL, Object(Config\Cache), false)
#6 /Applications/MAMP/htdocs/kasir/index.php(43): CodeIgniter\CodeIgniter->run()
#7 {main}
CRITICAL - 2022-09-07 00:17:36 --> Invalid file: dashboard/.php
#0 /Applications/MAMP/htdocs/kasir/system/View/View.php(203): CodeIgniter\Exceptions\FrameworkException::forInvalidFile('dashboard/.php')
#1 /Applications/MAMP/htdocs/kasir/system/Common.php(1217): CodeIgniter\View\View->render('dashboard/', Array, true)
#2 /Applications/MAMP/htdocs/kasir/app/Controllers/Home.php(14): view('dashboard/', Array)
#3 /Applications/MAMP/htdocs/kasir/system/CodeIgniter.php(936): App\Controllers\Home->index()
#4 /Applications/MAMP/htdocs/kasir/system/CodeIgniter.php(432): CodeIgniter\CodeIgniter->runController(Object(App\Controllers\Home))
#5 /Applications/MAMP/htdocs/kasir/system/CodeIgniter.php(333): CodeIgniter\CodeIgniter->handleRequest(NULL, Object(Config\Cache), false)
#6 /Applications/MAMP/htdocs/kasir/index.php(43): CodeIgniter\CodeIgniter->run()
#7 {main}
CRITICAL - 2022-09-07 00:32:27 --> Call to a member function hasError() on null
#0 /Applications/MAMP/htdocs/kasir/system/View/View.php(220): include()
#1 /Applications/MAMP/htdocs/kasir/system/View/View.php(222): CodeIgniter\View\View->CodeIgniter\View\{closure}()
#2 /Applications/MAMP/htdocs/kasir/system/Common.php(1217): CodeIgniter\View\View->render('auth/login', Array, true)
#3 /Applications/MAMP/htdocs/kasir/app/Controllers/Home.php(14): view('auth/login', Array)
#4 /Applications/MAMP/htdocs/kasir/system/CodeIgniter.php(936): App\Controllers\Home->index()
#5 /Applications/MAMP/htdocs/kasir/system/CodeIgniter.php(432): CodeIgniter\CodeIgniter->runController(Object(App\Controllers\Home))
#6 /Applications/MAMP/htdocs/kasir/system/CodeIgniter.php(333): CodeIgniter\CodeIgniter->handleRequest(NULL, Object(Config\Cache), false)
#7 /Applications/MAMP/htdocs/kasir/index.php(43): CodeIgniter\CodeIgniter->run()
#8 {main}
CRITICAL - 2022-09-07 03:55:25 --> Object of class stdClass could not be converted to string
#0 /Applications/MAMP/htdocs/kasir/system/View/View.php(220): include()
#1 /Applications/MAMP/htdocs/kasir/system/View/View.php(222): CodeIgniter\View\View->CodeIgniter\View\{closure}()
#2 /Applications/MAMP/htdocs/kasir/system/Common.php(1217): CodeIgniter\View\View->render('dashboard', Array, true)
#3 /Applications/MAMP/htdocs/kasir/app/Controllers/Home.php(22): view('dashboard', Array)
#4 /Applications/MAMP/htdocs/kasir/system/CodeIgniter.php(936): App\Controllers\Home->index()
#5 /Applications/MAMP/htdocs/kasir/system/CodeIgniter.php(432): CodeIgniter\CodeIgniter->runController(Object(App\Controllers\Home))
#6 /Applications/MAMP/htdocs/kasir/system/CodeIgniter.php(333): CodeIgniter\CodeIgniter->handleRequest(NULL, Object(Config\Cache), false)
#7 /Applications/MAMP/htdocs/kasir/index.php(43): CodeIgniter\CodeIgniter->run()
#8 {main}
CRITICAL - 2022-09-07 04:19:48 --> Call to undefined method CodeIgniter\Database\MySQLi\Result::get()
#0 /Applications/MAMP/htdocs/kasir/app/Controllers/Home.php(17): App\Models\getModel->getCountPendataan()
#1 /Applications/MAMP/htdocs/kasir/system/CodeIgniter.php(936): App\Controllers\Home->index()
#2 /Applications/MAMP/htdocs/kasir/system/CodeIgniter.php(432): CodeIgniter\CodeIgniter->runController(Object(App\Controllers\Home))
#3 /Applications/MAMP/htdocs/kasir/system/CodeIgniter.php(333): CodeIgniter\CodeIgniter->handleRequest(NULL, Object(Config\Cache), false)
#4 /Applications/MAMP/htdocs/kasir/index.php(43): CodeIgniter\CodeIgniter->run()
#5 {main}
CRITICAL - 2022-09-07 04:20:17 --> Call to undefined method CodeIgniter\Database\MySQLi\Result::get()
#0 /Applications/MAMP/htdocs/kasir/app/Controllers/Home.php(17): App\Models\getModel->getCountPendataan()
#1 /Applications/MAMP/htdocs/kasir/system/CodeIgniter.php(936): App\Controllers\Home->index()
#2 /Applications/MAMP/htdocs/kasir/system/CodeIgniter.php(432): CodeIgniter\CodeIgniter->runController(Object(App\Controllers\Home))
#3 /Applications/MAMP/htdocs/kasir/system/CodeIgniter.php(333): CodeIgniter\CodeIgniter->handleRequest(NULL, Object(Config\Cache), false)
#4 /Applications/MAMP/htdocs/kasir/index.php(43): CodeIgniter\CodeIgniter->run()
#5 {main}
CRITICAL - 2022-09-07 04:20:18 --> Call to undefined method CodeIgniter\Database\MySQLi\Result::get()
#0 /Applications/MAMP/htdocs/kasir/app/Controllers/Home.php(17): App\Models\getModel->getCountPendataan()
#1 /Applications/MAMP/htdocs/kasir/system/CodeIgniter.php(936): App\Controllers\Home->index()
#2 /Applications/MAMP/htdocs/kasir/system/CodeIgniter.php(432): CodeIgniter\CodeIgniter->runController(Object(App\Controllers\Home))
#3 /Applications/MAMP/htdocs/kasir/system/CodeIgniter.php(333): CodeIgniter\CodeIgniter->handleRequest(NULL, Object(Config\Cache), false)
#4 /Applications/MAMP/htdocs/kasir/index.php(43): CodeIgniter\CodeIgniter->run()
#5 {main}
CRITICAL - 2022-09-07 04:20:37 --> Call to undefined method CodeIgniter\Database\MySQLi\Result::get()
#0 /Applications/MAMP/htdocs/kasir/app/Controllers/Home.php(17): App\Models\getModel->getCountPendataan()
#1 /Applications/MAMP/htdocs/kasir/system/CodeIgniter.php(936): App\Controllers\Home->index()
#2 /Applications/MAMP/htdocs/kasir/system/CodeIgniter.php(432): CodeIgniter\CodeIgniter->runController(Object(App\Controllers\Home))
#3 /Applications/MAMP/htdocs/kasir/system/CodeIgniter.php(333): CodeIgniter\CodeIgniter->handleRequest(NULL, Object(Config\Cache), false)
#4 /Applications/MAMP/htdocs/kasir/index.php(43): CodeIgniter\CodeIgniter->run()
#5 {main}
CRITICAL - 2022-09-07 04:24:37 --> array_merge(): Expected parameter 1 to be an array, object given
#0 [internal function]: CodeIgniter\Debug\Exceptions->errorHandler(2, 'array_merge(): ...', '/Applications/M...', 47, Array)
#1 /Applications/MAMP/htdocs/kasir/app/Models/getModel.php(47): array_merge(Object(stdClass), Object(stdClass))
#2 /Applications/MAMP/htdocs/kasir/app/Controllers/Home.php(17): App\Models\getModel->getCountPendataan()
#3 /Applications/MAMP/htdocs/kasir/system/CodeIgniter.php(936): App\Controllers\Home->index()
#4 /Applications/MAMP/htdocs/kasir/system/CodeIgniter.php(432): CodeIgniter\CodeIgniter->runController(Object(App\Controllers\Home))
#5 /Applications/MAMP/htdocs/kasir/system/CodeIgniter.php(333): CodeIgniter\CodeIgniter->handleRequest(NULL, Object(Config\Cache), false)
#6 /Applications/MAMP/htdocs/kasir/index.php(43): CodeIgniter\CodeIgniter->run()
#7 {main}
CRITICAL - 2022-09-07 04:25:26 --> array_merge(): Expected parameter 1 to be an array, null given
#0 [internal function]: CodeIgniter\Debug\Exceptions->errorHandler(2, 'array_merge(): ...', '/Applications/M...', 47, Array)
#1 /Applications/MAMP/htdocs/kasir/app/Models/getModel.php(47): array_merge(NULL, NULL)
#2 /Applications/MAMP/htdocs/kasir/app/Controllers/Home.php(17): App\Models\getModel->getCountPendataan()
#3 /Applications/MAMP/htdocs/kasir/system/CodeIgniter.php(936): App\Controllers\Home->index()
#4 /Applications/MAMP/htdocs/kasir/system/CodeIgniter.php(432): CodeIgniter\CodeIgniter->runController(Object(App\Controllers\Home))
#5 /Applications/MAMP/htdocs/kasir/system/CodeIgniter.php(333): CodeIgniter\CodeIgniter->handleRequest(NULL, Object(Config\Cache), false)
#6 /Applications/MAMP/htdocs/kasir/index.php(43): CodeIgniter\CodeIgniter->run()
#7 {main}
CRITICAL - 2022-09-07 04:32:32 --> Object of class CodeIgniter\Database\MySQLi\Result could not be converted to string
#0 /Applications/MAMP/htdocs/kasir/app/Controllers/Home.php(17): App\Models\getModel->getCountPendataan()
#1 /Applications/MAMP/htdocs/kasir/system/CodeIgniter.php(936): App\Controllers\Home->index()
#2 /Applications/MAMP/htdocs/kasir/system/CodeIgniter.php(432): CodeIgniter\CodeIgniter->runController(Object(App\Controllers\Home))
#3 /Applications/MAMP/htdocs/kasir/system/CodeIgniter.php(333): CodeIgniter\CodeIgniter->handleRequest(NULL, Object(Config\Cache), false)
#4 /Applications/MAMP/htdocs/kasir/index.php(43): CodeIgniter\CodeIgniter->run()
#5 {main}
CRITICAL - 2022-09-07 04:32:33 --> Object of class CodeIgniter\Database\MySQLi\Result could not be converted to string
#0 /Applications/MAMP/htdocs/kasir/app/Controllers/Home.php(17): App\Models\getModel->getCountPendataan()
#1 /Applications/MAMP/htdocs/kasir/system/CodeIgniter.php(936): App\Controllers\Home->index()
#2 /Applications/MAMP/htdocs/kasir/system/CodeIgniter.php(432): CodeIgniter\CodeIgniter->runController(Object(App\Controllers\Home))
#3 /Applications/MAMP/htdocs/kasir/system/CodeIgniter.php(333): CodeIgniter\CodeIgniter->handleRequest(NULL, Object(Config\Cache), false)
#4 /Applications/MAMP/htdocs/kasir/index.php(43): CodeIgniter\CodeIgniter->run()
#5 {main}
ERROR - 2022-09-07 04:33:24 --> mysqli_sql_exception: You have an error in your SQL syntax; check the manual that corresponds to your MySQL server version for the right syntax to use near 'Array UNION Array' at line 1 in /Applications/MAMP/htdocs/kasir/system/Database/MySQLi/Connection.php:314
Stack trace:
#0 /Applications/MAMP/htdocs/kasir/system/Database/MySQLi/Connection.php(314): mysqli->query('Array UNION Arr...')
#1 /Applications/MAMP/htdocs/kasir/system/Database/BaseConnection.php(685): CodeIgniter\Database\MySQLi\Connection->execute('Array UNION Arr...')
#2 /Applications/MAMP/htdocs/kasir/system/Database/BaseConnection.php(621): CodeIgniter\Database\BaseConnection->simpleQuery('Array UNION Arr...')
#3 /Applications/MAMP/htdocs/kasir/app/Models/getModel.php(46): CodeIgniter\Database\BaseConnection->query('Array UNION Arr...')
#4 /Applications/MAMP/htdocs/kasir/app/Controllers/Home.php(17): App\Models\getModel->getCountPendataan()
#5 /Applications/MAMP/htdocs/kasir/system/CodeIgniter.php(936): App\Controllers\Home->index()
#6 /Applications/MAMP/htdocs/kasir/system/CodeIgniter.php(432): CodeIgniter\CodeIgniter->runController(Object(App\Controllers\Home))
#7 /Applications/MAMP/htdocs/kasir/system/CodeIgniter.php(333): CodeIgniter\CodeIgniter->handleRequest(NULL, Object(Config\Cache), false)
#8 /Applications/MAMP/htdocs/kasir/index.php(43): CodeIgniter\CodeIgniter->run()
#9 {main}
CRITICAL - 2022-09-07 04:33:24 --> You have an error in your SQL syntax; check the manual that corresponds to your MySQL server version for the right syntax to use near 'Array UNION Array' at line 1
#0 /Applications/MAMP/htdocs/kasir/system/Database/MySQLi/Connection.php(314): mysqli->query('Array UNION Arr...')
#1 /Applications/MAMP/htdocs/kasir/system/Database/BaseConnection.php(685): CodeIgniter\Database\MySQLi\Connection->execute('Array UNION Arr...')
#2 /Applications/MAMP/htdocs/kasir/system/Database/BaseConnection.php(621): CodeIgniter\Database\BaseConnection->simpleQuery('Array UNION Arr...')
#3 /Applications/MAMP/htdocs/kasir/app/Models/getModel.php(46): CodeIgniter\Database\BaseConnection->query('Array UNION Arr...')
#4 /Applications/MAMP/htdocs/kasir/app/Controllers/Home.php(17): App\Models\getModel->getCountPendataan()
#5 /Applications/MAMP/htdocs/kasir/system/CodeIgniter.php(936): App\Controllers\Home->index()
#6 /Applications/MAMP/htdocs/kasir/system/CodeIgniter.php(432): CodeIgniter\CodeIgniter->runController(Object(App\Controllers\Home))
#7 /Applications/MAMP/htdocs/kasir/system/CodeIgniter.php(333): CodeIgniter\CodeIgniter->handleRequest(NULL, Object(Config\Cache), false)
#8 /Applications/MAMP/htdocs/kasir/index.php(43): CodeIgniter\CodeIgniter->run()
#9 {main}
ERROR - 2022-09-07 04:33:24 --> mysqli_sql_exception: You have an error in your SQL syntax; check the manual that corresponds to your MySQL server version for the right syntax to use near 'Array UNION Array' at line 1 in /Applications/MAMP/htdocs/kasir/system/Database/MySQLi/Connection.php:314
Stack trace:
#0 /Applications/MAMP/htdocs/kasir/system/Database/MySQLi/Connection.php(314): mysqli->query('Array UNION Arr...')
#1 /Applications/MAMP/htdocs/kasir/system/Database/BaseConnection.php(685): CodeIgniter\Database\MySQLi\Connection->execute('Array UNION Arr...')
#2 /Applications/MAMP/htdocs/kasir/system/Database/BaseConnection.php(621): CodeIgniter\Database\BaseConnection->simpleQuery('Array UNION Arr...')
#3 /Applications/MAMP/htdocs/kasir/app/Models/getModel.php(46): CodeIgniter\Database\BaseConnection->query('Array UNION Arr...')
#4 /Applications/MAMP/htdocs/kasir/app/Controllers/Home.php(17): App\Models\getModel->getCountPendataan()
#5 /Applications/MAMP/htdocs/kasir/system/CodeIgniter.php(936): App\Controllers\Home->index()
#6 /Applications/MAMP/htdocs/kasir/system/CodeIgniter.php(432): CodeIgniter\CodeIgniter->runController(Object(App\Controllers\Home))
#7 /Applications/MAMP/htdocs/kasir/system/CodeIgniter.php(333): CodeIgniter\CodeIgniter->handleRequest(NULL, Object(Config\Cache), false)
#8 /Applications/MAMP/htdocs/kasir/index.php(43): CodeIgniter\CodeIgniter->run()
#9 {main}
CRITICAL - 2022-09-07 04:33:24 --> You have an error in your SQL syntax; check the manual that corresponds to your MySQL server version for the right syntax to use near 'Array UNION Array' at line 1
#0 /Applications/MAMP/htdocs/kasir/system/Database/MySQLi/Connection.php(314): mysqli->query('Array UNION Arr...')
#1 /Applications/MAMP/htdocs/kasir/system/Database/BaseConnection.php(685): CodeIgniter\Database\MySQLi\Connection->execute('Array UNION Arr...')
#2 /Applications/MAMP/htdocs/kasir/system/Database/BaseConnection.php(621): CodeIgniter\Database\BaseConnection->simpleQuery('Array UNION Arr...')
#3 /Applications/MAMP/htdocs/kasir/app/Models/getModel.php(46): CodeIgniter\Database\BaseConnection->query('Array UNION Arr...')
#4 /Applications/MAMP/htdocs/kasir/app/Controllers/Home.php(17): App\Models\getModel->getCountPendataan()
#5 /Applications/MAMP/htdocs/kasir/system/CodeIgniter.php(936): App\Controllers\Home->index()
#6 /Applications/MAMP/htdocs/kasir/system/CodeIgniter.php(432): CodeIgniter\CodeIgniter->runController(Object(App\Controllers\Home))
#7 /Applications/MAMP/htdocs/kasir/system/CodeIgniter.php(333): CodeIgniter\CodeIgniter->handleRequest(NULL, Object(Config\Cache), false)
#8 /Applications/MAMP/htdocs/kasir/index.php(43): CodeIgniter\CodeIgniter->run()
#9 {main}
CRITICAL - 2022-09-07 04:38:42 --> Invalid file: layout/menu.php
#0 /Applications/MAMP/htdocs/kasir/system/View/View.php(203): CodeIgniter\Exceptions\FrameworkException::forInvalidFile('layout/menu.php')
#1 /Applications/MAMP/htdocs/kasir/system/View/View.php(236): CodeIgniter\View\View->render('layout/menu', Array, true)
#2 /Applications/MAMP/htdocs/kasir/system/Common.php(1217): CodeIgniter\View\View->render('hotel/admin/dat...', Array, true)
#3 /Applications/MAMP/htdocs/kasir/app/Controllers/Hotel.php(29): view('hotel/admin/dat...', Array)
#4 /Applications/MAMP/htdocs/kasir/system/CodeIgniter.php(936): App\Controllers\Hotel->dataadmin()
#5 /Applications/MAMP/htdocs/kasir/system/CodeIgniter.php(432): CodeIgniter\CodeIgniter->runController(Object(App\Controllers\Hotel))
#6 /Applications/MAMP/htdocs/kasir/system/CodeIgniter.php(333): CodeIgniter\CodeIgniter->handleRequest(NULL, Object(Config\Cache), false)
#7 /Applications/MAMP/htdocs/kasir/index.php(43): CodeIgniter\CodeIgniter->run()
#8 {main}
CRITICAL - 2022-09-07 04:39:04 --> Invalid file: layout/menu.php
#0 /Applications/MAMP/htdocs/kasir/system/View/View.php(203): CodeIgniter\Exceptions\FrameworkException::forInvalidFile('layout/menu.php')
#1 /Applications/MAMP/htdocs/kasir/system/View/View.php(236): CodeIgniter\View\View->render('layout/menu', Array, true)
#2 /Applications/MAMP/htdocs/kasir/system/Common.php(1217): CodeIgniter\View\View->render('hotel/admin/dat...', Array, true)
#3 /Applications/MAMP/htdocs/kasir/app/Controllers/Hotel.php(29): view('hotel/admin/dat...', Array)
#4 /Applications/MAMP/htdocs/kasir/system/CodeIgniter.php(936): App\Controllers\Hotel->dataadmin()
#5 /Applications/MAMP/htdocs/kasir/system/CodeIgniter.php(432): CodeIgniter\CodeIgniter->runController(Object(App\Controllers\Hotel))
#6 /Applications/MAMP/htdocs/kasir/system/CodeIgniter.php(333): CodeIgniter\CodeIgniter->handleRequest(NULL, Object(Config\Cache), false)
#7 /Applications/MAMP/htdocs/kasir/index.php(43): CodeIgniter\CodeIgniter->run()
#8 {main}
CRITICAL - 2022-09-07 04:39:16 --> Invalid file: layout/menu.php
#0 /Applications/MAMP/htdocs/kasir/system/View/View.php(203): CodeIgniter\Exceptions\FrameworkException::forInvalidFile('layout/menu.php')
#1 /Applications/MAMP/htdocs/kasir/system/View/View.php(236): CodeIgniter\View\View->render('layout/menu', Array, true)
#2 /Applications/MAMP/htdocs/kasir/system/Common.php(1217): CodeIgniter\View\View->render('hotel/admin/dat...', Array, true)
#3 /Applications/MAMP/htdocs/kasir/app/Controllers/Hotel.php(29): view('hotel/admin/dat...', Array)
#4 /Applications/MAMP/htdocs/kasir/system/CodeIgniter.php(936): App\Controllers\Hotel->dataadmin()
#5 /Applications/MAMP/htdocs/kasir/system/CodeIgniter.php(432): CodeIgniter\CodeIgniter->runController(Object(App\Controllers\Hotel))
#6 /Applications/MAMP/htdocs/kasir/system/CodeIgniter.php(333): CodeIgniter\CodeIgniter->handleRequest(NULL, Object(Config\Cache), false)
#7 /Applications/MAMP/htdocs/kasir/index.php(43): CodeIgniter\CodeIgniter->run()
#8 {main}
CRITICAL - 2022-09-07 06:27:32 --> Call to undefined method stdClass::COUNT()
#0 /Applications/MAMP/htdocs/kasir/system/View/View.php(220): include()
#1 /Applications/MAMP/htdocs/kasir/system/View/View.php(222): CodeIgniter\View\View->CodeIgniter\View\{closure}()
#2 /Applications/MAMP/htdocs/kasir/system/Common.php(1217): CodeIgniter\View\View->render('dashboard', Array, true)
#3 /Applications/MAMP/htdocs/kasir/app/Controllers/Home.php(24): view('dashboard', Array)
#4 /Applications/MAMP/htdocs/kasir/system/CodeIgniter.php(936): App\Controllers\Home->index()
#5 /Applications/MAMP/htdocs/kasir/system/CodeIgniter.php(432): CodeIgniter\CodeIgniter->runController(Object(App\Controllers\Home))
#6 /Applications/MAMP/htdocs/kasir/system/CodeIgniter.php(333): CodeIgniter\CodeIgniter->handleRequest(NULL, Object(Config\Cache), false)
#7 /Applications/MAMP/htdocs/kasir/index.php(43): CodeIgniter\CodeIgniter->run()
#8 {main}
ERROR - 2022-09-07 06:28:46 --> mysqli_sql_exception: Unknown column 'id' in 'field list' in /Applications/MAMP/htdocs/kasir/system/Database/MySQLi/Connection.php:314
Stack trace:
#0 /Applications/MAMP/htdocs/kasir/system/Database/MySQLi/Connection.php(314): mysqli->query('SELECT COUNT(`i...')
#1 /Applications/MAMP/htdocs/kasir/system/Database/BaseConnection.php(685): CodeIgniter\Database\MySQLi\Connection->execute('SELECT COUNT(`i...')
#2 /Applications/MAMP/htdocs/kasir/system/Database/BaseConnection.php(621): CodeIgniter\Database\BaseConnection->simpleQuery('SELECT COUNT(`i...')
#3 /Applications/MAMP/htdocs/kasir/system/Database/BaseBuilder.php(1866): CodeIgniter\Database\BaseConnection->query('SELECT COUNT(`i...', Array, false)
#4 /Applications/MAMP/htdocs/kasir/app/Models/getModel.php(37): CodeIgniter\Database\BaseBuilder->get()
#5 /Applications/MAMP/htdocs/kasir/app/Controllers/Home.php(17): App\Models\getModel->getCountPendataan()
#6 /Applications/MAMP/htdocs/kasir/system/CodeIgniter.php(936): App\Controllers\Home->index()
#7 /Applications/MAMP/htdocs/kasir/system/CodeIgniter.php(432): CodeIgniter\CodeIgniter->runController(Object(App\Controllers\Home))
#8 /Applications/MAMP/htdocs/kasir/system/CodeIgniter.php(333): CodeIgniter\CodeIgniter->handleRequest(NULL, Object(Config\Cache), false)
#9 /Applications/MAMP/htdocs/kasir/index.php(43): CodeIgniter\CodeIgniter->run()
#10 {main}
CRITICAL - 2022-09-07 06:28:46 --> Unknown column 'id' in 'field list'
#0 /Applications/MAMP/htdocs/kasir/system/Database/MySQLi/Connection.php(314): mysqli->query('SELECT COUNT(`i...')
#1 /Applications/MAMP/htdocs/kasir/system/Database/BaseConnection.php(685): CodeIgniter\Database\MySQLi\Connection->execute('SELECT COUNT(`i...')
#2 /Applications/MAMP/htdocs/kasir/system/Database/BaseConnection.php(621): CodeIgniter\Database\BaseConnection->simpleQuery('SELECT COUNT(`i...')
#3 /Applications/MAMP/htdocs/kasir/system/Database/BaseBuilder.php(1866): CodeIgniter\Database\BaseConnection->query('SELECT COUNT(`i...', Array, false)
#4 /Applications/MAMP/htdocs/kasir/app/Models/getModel.php(37): CodeIgniter\Database\BaseBuilder->get()
#5 /Applications/MAMP/htdocs/kasir/app/Controllers/Home.php(17): App\Models\getModel->getCountPendataan()
#6 /Applications/MAMP/htdocs/kasir/system/CodeIgniter.php(936): App\Controllers\Home->index()
#7 /Applications/MAMP/htdocs/kasir/system/CodeIgniter.php(432): CodeIgniter\CodeIgniter->runController(Object(App\Controllers\Home))
#8 /Applications/MAMP/htdocs/kasir/system/CodeIgniter.php(333): CodeIgniter\CodeIgniter->handleRequest(NULL, Object(Config\Cache), false)
#9 /Applications/MAMP/htdocs/kasir/index.php(43): CodeIgniter\CodeIgniter->run()
#10 {main}
CRITICAL - 2022-09-07 06:29:44 --> Call to undefined method stdClass::COUNT()
#0 /Applications/MAMP/htdocs/kasir/system/CodeIgniter.php(936): App\Controllers\Home->index()
#1 /Applications/MAMP/htdocs/kasir/system/CodeIgniter.php(432): CodeIgniter\CodeIgniter->runController(Object(App\Controllers\Home))
#2 /Applications/MAMP/htdocs/kasir/system/CodeIgniter.php(333): CodeIgniter\CodeIgniter->handleRequest(NULL, Object(Config\Cache), false)
#3 /Applications/MAMP/htdocs/kasir/index.php(43): CodeIgniter\CodeIgniter->run()
#4 {main}
CRITICAL - 2022-09-07 06:52:16 --> Invalid file: layout/menu.php
#0 /Applications/MAMP/htdocs/kasir/system/View/View.php(203): CodeIgniter\Exceptions\FrameworkException::forInvalidFile('layout/menu.php')
#1 /Applications/MAMP/htdocs/kasir/system/View/View.php(236): CodeIgniter\View\View->render('layout/menu', Array, true)
#2 /Applications/MAMP/htdocs/kasir/system/Common.php(1217): CodeIgniter\View\View->render('hotel/admin/pot...', Array, true)
#3 /Applications/MAMP/htdocs/kasir/app/Controllers/Hotel.php(439): view('hotel/admin/pot...', Array)
#4 /Applications/MAMP/htdocs/kasir/system/CodeIgniter.php(936): App\Controllers\Hotel->potensiadmin()
#5 /Applications/MAMP/htdocs/kasir/system/CodeIgniter.php(432): CodeIgniter\CodeIgniter->runController(Object(App\Controllers\Hotel))
#6 /Applications/MAMP/htdocs/kasir/system/CodeIgniter.php(333): CodeIgniter\CodeIgniter->handleRequest(NULL, Object(Config\Cache), false)
#7 /Applications/MAMP/htdocs/kasir/index.php(43): CodeIgniter\CodeIgniter->run()
#8 {main}
CRITICAL - 2022-09-07 18:52:21 --> Invalid file: layout/menu.php
#0 /Applications/MAMP/htdocs/kasir/system/View/View.php(203): CodeIgniter\Exceptions\FrameworkException::forInvalidFile('layout/menu.php')
#1 /Applications/MAMP/htdocs/kasir/system/View/View.php(236): CodeIgniter\View\View->render('layout/menu', Array, true)
#2 /Applications/MAMP/htdocs/kasir/system/Common.php(1217): CodeIgniter\View\View->render('hotel/admin/for...', Array, true)
#3 /Applications/MAMP/htdocs/kasir/app/Controllers/Hotel.php(212): view('hotel/admin/for...', Array)
#4 /Applications/MAMP/htdocs/kasir/system/CodeIgniter.php(936): App\Controllers\Hotel->pendataanadmin('1')
#5 /Applications/MAMP/htdocs/kasir/system/CodeIgniter.php(432): CodeIgniter\CodeIgniter->runController(Object(App\Controllers\Hotel))
#6 /Applications/MAMP/htdocs/kasir/system/CodeIgniter.php(333): CodeIgniter\CodeIgniter->handleRequest(NULL, Object(Config\Cache), false)
#7 /Applications/MAMP/htdocs/kasir/index.php(43): CodeIgniter\CodeIgniter->run()
#8 {main}
ERROR - 2022-09-07 16:00:23 --> mysqli_sql_exception: Table 'db_kasir.v_total_pendataan' doesn't exist in /Applications/MAMP/htdocs/kasir/system/Database/MySQLi/Connection.php:314
Stack trace:
#0 /Applications/MAMP/htdocs/kasir/system/Database/MySQLi/Connection.php(314): mysqli->query('SELECT *\nFROM `...')
#1 /Applications/MAMP/htdocs/kasir/system/Database/BaseConnection.php(685): CodeIgniter\Database\MySQLi\Connection->execute('SELECT *\nFROM `...')
#2 /Applications/MAMP/htdocs/kasir/system/Database/BaseConnection.php(621): CodeIgniter\Database\BaseConnection->simpleQuery('SELECT *\nFROM `...')
#3 /Applications/MAMP/htdocs/kasir/system/Database/BaseBuilder.php(1866): CodeIgniter\Database\BaseConnection->query('SELECT *\nFROM `...', Array, false)
#4 /Applications/MAMP/htdocs/kasir/app/Models/getModel.php(36): CodeIgniter\Database\BaseBuilder->get()
#5 /Applications/MAMP/htdocs/kasir/app/Controllers/Dashboard.php(17): App\Models\getModel->getCountPendataan()
#6 /Applications/MAMP/htdocs/kasir/system/CodeIgniter.php(936): App\Controllers\Dashboard->index()
#7 /Applications/MAMP/htdocs/kasir/system/CodeIgniter.php(432): CodeIgniter\CodeIgniter->runController(Object(App\Controllers\Dashboard))
#8 /Applications/MAMP/htdocs/kasir/system/CodeIgniter.php(333): CodeIgniter\CodeIgniter->handleRequest(NULL, Object(Config\Cache), false)
#9 /Applications/MAMP/htdocs/kasir/index.php(43): CodeIgniter\CodeIgniter->run()
#10 {main}
CRITICAL - 2022-09-07 16:00:23 --> Table 'db_kasir.v_total_pendataan' doesn't exist
#0 /Applications/MAMP/htdocs/kasir/system/Database/MySQLi/Connection.php(314): mysqli->query('SELECT *\nFROM `...')
#1 /Applications/MAMP/htdocs/kasir/system/Database/BaseConnection.php(685): CodeIgniter\Database\MySQLi\Connection->execute('SELECT *\nFROM `...')
#2 /Applications/MAMP/htdocs/kasir/system/Database/BaseConnection.php(621): CodeIgniter\Database\BaseConnection->simpleQuery('SELECT *\nFROM `...')
#3 /Applications/MAMP/htdocs/kasir/system/Database/BaseBuilder.php(1866): CodeIgniter\Database\BaseConnection->query('SELECT *\nFROM `...', Array, false)
#4 /Applications/MAMP/htdocs/kasir/app/Models/getModel.php(36): CodeIgniter\Database\BaseBuilder->get()
#5 /Applications/MAMP/htdocs/kasir/app/Controllers/Dashboard.php(17): App\Models\getModel->getCountPendataan()
#6 /Applications/MAMP/htdocs/kasir/system/CodeIgniter.php(936): App\Controllers\Dashboard->index()
#7 /Applications/MAMP/htdocs/kasir/system/CodeIgniter.php(432): CodeIgniter\CodeIgniter->runController(Object(App\Controllers\Dashboard))
#8 /Applications/MAMP/htdocs/kasir/system/CodeIgniter.php(333): CodeIgniter\CodeIgniter->handleRequest(NULL, Object(Config\Cache), false)
#9 /Applications/MAMP/htdocs/kasir/index.php(43): CodeIgniter\CodeIgniter->run()
#10 {main}
CRITICAL - 2022-09-07 17:06:00 --> Cannot use object of type stdClass as array
#0 /Applications/MAMP/htdocs/kasir/system/View/View.php(220): include()
#1 /Applications/MAMP/htdocs/kasir/system/View/View.php(222): CodeIgniter\View\View->CodeIgniter\View\{closure}()
#2 /Applications/MAMP/htdocs/kasir/system/Common.php(1217): CodeIgniter\View\View->render('produk/daftar-p...', Array, true)
#3 /Applications/MAMP/htdocs/kasir/app/Controllers/Produk.php(22): view('produk/daftar-p...', Array)
#4 /Applications/MAMP/htdocs/kasir/system/CodeIgniter.php(936): App\Controllers\Produk->index()
#5 /Applications/MAMP/htdocs/kasir/system/CodeIgniter.php(432): CodeIgniter\CodeIgniter->runController(Object(App\Controllers\Produk))
#6 /Applications/MAMP/htdocs/kasir/system/CodeIgniter.php(333): CodeIgniter\CodeIgniter->handleRequest(NULL, Object(Config\Cache), false)
#7 /Applications/MAMP/htdocs/kasir/index.php(43): CodeIgniter\CodeIgniter->run()
#8 {main}
CRITICAL - 2022-09-07 17:06:17 --> Cannot use object of type stdClass as array
#0 /Applications/MAMP/htdocs/kasir/system/View/View.php(220): include()
#1 /Applications/MAMP/htdocs/kasir/system/View/View.php(222): CodeIgniter\View\View->CodeIgniter\View\{closure}()
#2 /Applications/MAMP/htdocs/kasir/system/Common.php(1217): CodeIgniter\View\View->render('produk/daftar-p...', Array, true)
#3 /Applications/MAMP/htdocs/kasir/app/Controllers/Produk.php(22): view('produk/daftar-p...', Array)
#4 /Applications/MAMP/htdocs/kasir/system/CodeIgniter.php(936): App\Controllers\Produk->index()
#5 /Applications/MAMP/htdocs/kasir/system/CodeIgniter.php(432): CodeIgniter\CodeIgniter->runController(Object(App\Controllers\Produk))
#6 /Applications/MAMP/htdocs/kasir/system/CodeIgniter.php(333): CodeIgniter\CodeIgniter->handleRequest(NULL, Object(Config\Cache), false)
#7 /Applications/MAMP/htdocs/kasir/index.php(43): CodeIgniter\CodeIgniter->run()
#8 {main}
CRITICAL - 2022-09-07 17:07:35 --> Cannot use object of type stdClass as array
#0 /Applications/MAMP/htdocs/kasir/system/View/View.php(220): include()
#1 /Applications/MAMP/htdocs/kasir/system/View/View.php(222): CodeIgniter\View\View->CodeIgniter\View\{closure}()
#2 /Applications/MAMP/htdocs/kasir/system/Common.php(1217): CodeIgniter\View\View->render('produk/daftar-p...', Array, true)
#3 /Applications/MAMP/htdocs/kasir/app/Controllers/Produk.php(22): view('produk/daftar-p...', Array)
#4 /Applications/MAMP/htdocs/kasir/system/CodeIgniter.php(936): App\Controllers\Produk->index()
#5 /Applications/MAMP/htdocs/kasir/system/CodeIgniter.php(432): CodeIgniter\CodeIgniter->runController(Object(App\Controllers\Produk))
#6 /Applications/MAMP/htdocs/kasir/system/CodeIgniter.php(333): CodeIgniter\CodeIgniter->handleRequest(NULL, Object(Config\Cache), false)
#7 /Applications/MAMP/htdocs/kasir/index.php(43): CodeIgniter\CodeIgniter->run()
#8 {main}
CRITICAL - 2022-09-07 17:07:36 --> Cannot use object of type stdClass as array
#0 /Applications/MAMP/htdocs/kasir/system/View/View.php(220): include()
#1 /Applications/MAMP/htdocs/kasir/system/View/View.php(222): CodeIgniter\View\View->CodeIgniter\View\{closure}()
#2 /Applications/MAMP/htdocs/kasir/system/Common.php(1217): CodeIgniter\View\View->render('produk/daftar-p...', Array, true)
#3 /Applications/MAMP/htdocs/kasir/app/Controllers/Produk.php(22): view('produk/daftar-p...', Array)
#4 /Applications/MAMP/htdocs/kasir/system/CodeIgniter.php(936): App\Controllers\Produk->index()
#5 /Applications/MAMP/htdocs/kasir/system/CodeIgniter.php(432): CodeIgniter\CodeIgniter->runController(Object(App\Controllers\Produk))
#6 /Applications/MAMP/htdocs/kasir/system/CodeIgniter.php(333): CodeIgniter\CodeIgniter->handleRequest(NULL, Object(Config\Cache), false)
#7 /Applications/MAMP/htdocs/kasir/index.php(43): CodeIgniter\CodeIgniter->run()
#8 {main}
CRITICAL - 2022-09-07 17:07:49 --> Cannot use object of type stdClass as array
#0 /Applications/MAMP/htdocs/kasir/system/View/View.php(220): include()
#1 /Applications/MAMP/htdocs/kasir/system/View/View.php(222): CodeIgniter\View\View->CodeIgniter\View\{closure}()
#2 /Applications/MAMP/htdocs/kasir/system/Common.php(1217): CodeIgniter\View\View->render('produk/daftar-p...', Array, true)
#3 /Applications/MAMP/htdocs/kasir/app/Controllers/Produk.php(22): view('produk/daftar-p...', Array)
#4 /Applications/MAMP/htdocs/kasir/system/CodeIgniter.php(936): App\Controllers\Produk->index()
#5 /Applications/MAMP/htdocs/kasir/system/CodeIgniter.php(432): CodeIgniter\CodeIgniter->runController(Object(App\Controllers\Produk))
#6 /Applications/MAMP/htdocs/kasir/system/CodeIgniter.php(333): CodeIgniter\CodeIgniter->handleRequest(NULL, Object(Config\Cache), false)
#7 /Applications/MAMP/htdocs/kasir/index.php(43): CodeIgniter\CodeIgniter->run()
#8 {main}
CRITICAL - 2022-09-07 17:08:31 --> Cannot use object of type stdClass as array
#0 /Applications/MAMP/htdocs/kasir/system/View/View.php(220): include()
#1 /Applications/MAMP/htdocs/kasir/system/View/View.php(222): CodeIgniter\View\View->CodeIgniter\View\{closure}()
#2 /Applications/MAMP/htdocs/kasir/system/Common.php(1217): CodeIgniter\View\View->render('produk/daftar-p...', Array, true)
#3 /Applications/MAMP/htdocs/kasir/app/Controllers/Produk.php(22): view('produk/daftar-p...', Array)
#4 /Applications/MAMP/htdocs/kasir/system/CodeIgniter.php(936): App\Controllers\Produk->index()
#5 /Applications/MAMP/htdocs/kasir/system/CodeIgniter.php(432): CodeIgniter\CodeIgniter->runController(Object(App\Controllers\Produk))
#6 /Applications/MAMP/htdocs/kasir/system/CodeIgniter.php(333): CodeIgniter\CodeIgniter->handleRequest(NULL, Object(Config\Cache), false)
#7 /Applications/MAMP/htdocs/kasir/index.php(43): CodeIgniter\CodeIgniter->run()
#8 {main}
CRITICAL - 2022-09-07 17:08:32 --> Cannot use object of type stdClass as array
#0 /Applications/MAMP/htdocs/kasir/system/View/View.php(220): include()
#1 /Applications/MAMP/htdocs/kasir/system/View/View.php(222): CodeIgniter\View\View->CodeIgniter\View\{closure}()
#2 /Applications/MAMP/htdocs/kasir/system/Common.php(1217): CodeIgniter\View\View->render('produk/daftar-p...', Array, true)
#3 /Applications/MAMP/htdocs/kasir/app/Controllers/Produk.php(22): view('produk/daftar-p...', Array)
#4 /Applications/MAMP/htdocs/kasir/system/CodeIgniter.php(936): App\Controllers\Produk->index()
#5 /Applications/MAMP/htdocs/kasir/system/CodeIgniter.php(432): CodeIgniter\CodeIgniter->runController(Object(App\Controllers\Produk))
#6 /Applications/MAMP/htdocs/kasir/system/CodeIgniter.php(333): CodeIgniter\CodeIgniter->handleRequest(NULL, Object(Config\Cache), false)
#7 /Applications/MAMP/htdocs/kasir/index.php(43): CodeIgniter\CodeIgniter->run()
#8 {main}
CRITICAL - 2022-09-07 17:08:41 --> Cannot use object of type stdClass as array
#0 /Applications/MAMP/htdocs/kasir/system/View/View.php(220): include()
#1 /Applications/MAMP/htdocs/kasir/system/View/View.php(222): CodeIgniter\View\View->CodeIgniter\View\{closure}()
#2 /Applications/MAMP/htdocs/kasir/system/Common.php(1217): CodeIgniter\View\View->render('produk/daftar-p...', Array, true)
#3 /Applications/MAMP/htdocs/kasir/app/Controllers/Produk.php(22): view('produk/daftar-p...', Array)
#4 /Applications/MAMP/htdocs/kasir/system/CodeIgniter.php(936): App\Controllers\Produk->index()
#5 /Applications/MAMP/htdocs/kasir/system/CodeIgniter.php(432): CodeIgniter\CodeIgniter->runController(Object(App\Controllers\Produk))
#6 /Applications/MAMP/htdocs/kasir/system/CodeIgniter.php(333): CodeIgniter\CodeIgniter->handleRequest(NULL, Object(Config\Cache), false)
#7 /Applications/MAMP/htdocs/kasir/index.php(43): CodeIgniter\CodeIgniter->run()
#8 {main}
CRITICAL - 2022-09-07 17:08:42 --> Cannot use object of type stdClass as array
#0 /Applications/MAMP/htdocs/kasir/system/View/View.php(220): include()
#1 /Applications/MAMP/htdocs/kasir/system/View/View.php(222): CodeIgniter\View\View->CodeIgniter\View\{closure}()
#2 /Applications/MAMP/htdocs/kasir/system/Common.php(1217): CodeIgniter\View\View->render('produk/daftar-p...', Array, true)
#3 /Applications/MAMP/htdocs/kasir/app/Controllers/Produk.php(22): view('produk/daftar-p...', Array)
#4 /Applications/MAMP/htdocs/kasir/system/CodeIgniter.php(936): App\Controllers\Produk->index()
#5 /Applications/MAMP/htdocs/kasir/system/CodeIgniter.php(432): CodeIgniter\CodeIgniter->runController(Object(App\Controllers\Produk))
#6 /Applications/MAMP/htdocs/kasir/system/CodeIgniter.php(333): CodeIgniter\CodeIgniter->handleRequest(NULL, Object(Config\Cache), false)
#7 /Applications/MAMP/htdocs/kasir/index.php(43): CodeIgniter\CodeIgniter->run()
#8 {main}
CRITICAL - 2022-09-07 18:39:05 --> substr() expects parameter 1 to be string, object given
#0 [internal function]: CodeIgniter\Debug\Exceptions->errorHandler(2, 'substr() expect...', '/Applications/M...', 48, Array)
#1 /Applications/MAMP/htdocs/kasir/app/Controllers/Produk.php(48): substr(Object(stdClass), 3, 3)
#2 /Applications/MAMP/htdocs/kasir/system/CodeIgniter.php(936): App\Controllers\Produk->simpan_produk()
#3 /Applications/MAMP/htdocs/kasir/system/CodeIgniter.php(432): CodeIgniter\CodeIgniter->runController(Object(App\Controllers\Produk))
#4 /Applications/MAMP/htdocs/kasir/system/CodeIgniter.php(333): CodeIgniter\CodeIgniter->handleRequest(NULL, Object(Config\Cache), false)
#5 /Applications/MAMP/htdocs/kasir/index.php(43): CodeIgniter\CodeIgniter->run()
#6 {main}
CRITICAL - 2022-09-07 18:39:18 --> substr() expects parameter 1 to be string, object given
#0 [internal function]: CodeIgniter\Debug\Exceptions->errorHandler(2, 'substr() expect...', '/Applications/M...', 48, Array)
#1 /Applications/MAMP/htdocs/kasir/app/Controllers/Produk.php(48): substr(Object(stdClass), 3)
#2 /Applications/MAMP/htdocs/kasir/system/CodeIgniter.php(936): App\Controllers\Produk->simpan_produk()
#3 /Applications/MAMP/htdocs/kasir/system/CodeIgniter.php(432): CodeIgniter\CodeIgniter->runController(Object(App\Controllers\Produk))
#4 /Applications/MAMP/htdocs/kasir/system/CodeIgniter.php(333): CodeIgniter\CodeIgniter->handleRequest(NULL, Object(Config\Cache), false)
#5 /Applications/MAMP/htdocs/kasir/index.php(43): CodeIgniter\CodeIgniter->run()
#6 {main}
ERROR - 2022-09-07 18:57:10 --> mysqli_sql_exception: Column 'stok' cannot be null in /Applications/MAMP/htdocs/kasir/system/Database/MySQLi/Connection.php:314
Stack trace:
#0 /Applications/MAMP/htdocs/kasir/system/Database/MySQLi/Connection.php(314): mysqli->query('INSERT INTO `tb...')
#1 /Applications/MAMP/htdocs/kasir/system/Database/BaseConnection.php(685): CodeIgniter\Database\MySQLi\Connection->execute('INSERT INTO `tb...')
#2 /Applications/MAMP/htdocs/kasir/system/Database/BaseConnection.php(621): CodeIgniter\Database\BaseConnection->simpleQuery('INSERT INTO `tb...')
#3 /Applications/MAMP/htdocs/kasir/system/Database/BaseBuilder.php(2263): CodeIgniter\Database\BaseConnection->query('INSERT INTO `tb...', Array, false)
#4 /Applications/MAMP/htdocs/kasir/app/Models/insertModel.php(12): CodeIgniter\Database\BaseBuilder->insert(Array)
#5 /Applications/MAMP/htdocs/kasir/app/Controllers/Produk.php(62): App\Models\insertModel->insertProduk(Array)
#6 /Applications/MAMP/htdocs/kasir/system/CodeIgniter.php(936): App\Controllers\Produk->simpan_produk()
#7 /Applications/MAMP/htdocs/kasir/system/CodeIgniter.php(432): CodeIgniter\CodeIgniter->runController(Object(App\Controllers\Produk))
#8 /Applications/MAMP/htdocs/kasir/system/CodeIgniter.php(333): CodeIgniter\CodeIgniter->handleRequest(NULL, Object(Config\Cache), false)
#9 /Applications/MAMP/htdocs/kasir/index.php(43): CodeIgniter\CodeIgniter->run()
#10 {main}
CRITICAL - 2022-09-07 18:57:10 --> Column 'stok' cannot be null
#0 /Applications/MAMP/htdocs/kasir/system/Database/MySQLi/Connection.php(314): mysqli->query('INSERT INTO `tb...')
#1 /Applications/MAMP/htdocs/kasir/system/Database/BaseConnection.php(685): CodeIgniter\Database\MySQLi\Connection->execute('INSERT INTO `tb...')
#2 /Applications/MAMP/htdocs/kasir/system/Database/BaseConnection.php(621): CodeIgniter\Database\BaseConnection->simpleQuery('INSERT INTO `tb...')
#3 /Applications/MAMP/htdocs/kasir/system/Database/BaseBuilder.php(2263): CodeIgniter\Database\BaseConnection->query('INSERT INTO `tb...', Array, false)
#4 /Applications/MAMP/htdocs/kasir/app/Models/insertModel.php(12): CodeIgniter\Database\BaseBuilder->insert(Array)
#5 /Applications/MAMP/htdocs/kasir/app/Controllers/Produk.php(62): App\Models\insertModel->insertProduk(Array)
#6 /Applications/MAMP/htdocs/kasir/system/CodeIgniter.php(936): App\Controllers\Produk->simpan_produk()
#7 /Applications/MAMP/htdocs/kasir/system/CodeIgniter.php(432): CodeIgniter\CodeIgniter->runController(Object(App\Controllers\Produk))
#8 /Applications/MAMP/htdocs/kasir/system/CodeIgniter.php(333): CodeIgniter\CodeIgniter->handleRequest(NULL, Object(Config\Cache), false)
#9 /Applications/MAMP/htdocs/kasir/index.php(43): CodeIgniter\CodeIgniter->run()
#10 {main}
ERROR - 2022-09-07 19:00:19 --> mysqli_sql_exception: Column 'stok' cannot be null in /Applications/MAMP/htdocs/kasir/system/Database/MySQLi/Connection.php:314
Stack trace:
#0 /Applications/MAMP/htdocs/kasir/system/Database/MySQLi/Connection.php(314): mysqli->query('INSERT INTO `tb...')
#1 /Applications/MAMP/htdocs/kasir/system/Database/BaseConnection.php(685): CodeIgniter\Database\MySQLi\Connection->execute('INSERT INTO `tb...')
#2 /Applications/MAMP/htdocs/kasir/system/Database/BaseConnection.php(621): CodeIgniter\Database\BaseConnection->simpleQuery('INSERT INTO `tb...')
#3 /Applications/MAMP/htdocs/kasir/system/Database/BaseBuilder.php(2263): CodeIgniter\Database\BaseConnection->query('INSERT INTO `tb...', Array, false)
#4 /Applications/MAMP/htdocs/kasir/app/Models/insertModel.php(12): CodeIgniter\Database\BaseBuilder->insert(Array)
#5 /Applications/MAMP/htdocs/kasir/app/Controllers/Produk.php(62): App\Models\insertModel->insertProduk(Array)
#6 /Applications/MAMP/htdocs/kasir/system/CodeIgniter.php(936): App\Controllers\Produk->simpan_produk()
#7 /Applications/MAMP/htdocs/kasir/system/CodeIgniter.php(432): CodeIgniter\CodeIgniter->runController(Object(App\Controllers\Produk))
#8 /Applications/MAMP/htdocs/kasir/system/CodeIgniter.php(333): CodeIgniter\CodeIgniter->handleRequest(NULL, Object(Config\Cache), false)
#9 /Applications/MAMP/htdocs/kasir/index.php(43): CodeIgniter\CodeIgniter->run()
#10 {main}
CRITICAL - 2022-09-07 19:00:19 --> Column 'stok' cannot be null
#0 /Applications/MAMP/htdocs/kasir/system/Database/MySQLi/Connection.php(314): mysqli->query('INSERT INTO `tb...')
#1 /Applications/MAMP/htdocs/kasir/system/Database/BaseConnection.php(685): CodeIgniter\Database\MySQLi\Connection->execute('INSERT INTO `tb...')
#2 /Applications/MAMP/htdocs/kasir/system/Database/BaseConnection.php(621): CodeIgniter\Database\BaseConnection->simpleQuery('INSERT INTO `tb...')
#3 /Applications/MAMP/htdocs/kasir/system/Database/BaseBuilder.php(2263): CodeIgniter\Database\BaseConnection->query('INSERT INTO `tb...', Array, false)
#4 /Applications/MAMP/htdocs/kasir/app/Models/insertModel.php(12): CodeIgniter\Database\BaseBuilder->insert(Array)
#5 /Applications/MAMP/htdocs/kasir/app/Controllers/Produk.php(62): App\Models\insertModel->insertProduk(Array)
#6 /Applications/MAMP/htdocs/kasir/system/CodeIgniter.php(936): App\Controllers\Produk->simpan_produk()
#7 /Applications/MAMP/htdocs/kasir/system/CodeIgniter.php(432): CodeIgniter\CodeIgniter->runController(Object(App\Controllers\Produk))
#8 /Applications/MAMP/htdocs/kasir/system/CodeIgniter.php(333): CodeIgniter\CodeIgniter->handleRequest(NULL, Object(Config\Cache), false)
#9 /Applications/MAMP/htdocs/kasir/index.php(43): CodeIgniter\CodeIgniter->run()
#10 {main}
ERROR - 2022-09-07 19:00:57 --> mysqli_sql_exception: Column 'stok' cannot be null in /Applications/MAMP/htdocs/kasir/system/Database/MySQLi/Connection.php:314
Stack trace:
#0 /Applications/MAMP/htdocs/kasir/system/Database/MySQLi/Connection.php(314): mysqli->query('INSERT INTO `tb...')
#1 /Applications/MAMP/htdocs/kasir/system/Database/BaseConnection.php(685): CodeIgniter\Database\MySQLi\Connection->execute('INSERT INTO `tb...')
#2 /Applications/MAMP/htdocs/kasir/system/Database/BaseConnection.php(621): CodeIgniter\Database\BaseConnection->simpleQuery('INSERT INTO `tb...')
#3 /Applications/MAMP/htdocs/kasir/system/Database/BaseBuilder.php(2263): CodeIgniter\Database\BaseConnection->query('INSERT INTO `tb...', Array, false)
#4 /Applications/MAMP/htdocs/kasir/app/Models/insertModel.php(12): CodeIgniter\Database\BaseBuilder->insert(Array)
#5 /Applications/MAMP/htdocs/kasir/app/Controllers/Produk.php(62): App\Models\insertModel->insertProduk(Array)
#6 /Applications/MAMP/htdocs/kasir/system/CodeIgniter.php(936): App\Controllers\Produk->simpan_produk()
#7 /Applications/MAMP/htdocs/kasir/system/CodeIgniter.php(432): CodeIgniter\CodeIgniter->runController(Object(App\Controllers\Produk))
#8 /Applications/MAMP/htdocs/kasir/system/CodeIgniter.php(333): CodeIgniter\CodeIgniter->handleRequest(NULL, Object(Config\Cache), false)
#9 /Applications/MAMP/htdocs/kasir/index.php(43): CodeIgniter\CodeIgniter->run()
#10 {main}
CRITICAL - 2022-09-07 19:00:57 --> Trying to get property 'image' of non-object
#0 /Applications/MAMP/htdocs/kasir/app/Views/layout.php(36): CodeIgniter\Debug\Exceptions->errorHandler(8, 'Trying to get p...', '/Applications/M...', 36, Array)
#1 /Applications/MAMP/htdocs/kasir/system/View/View.php(220): include('/Applications/M...')
#2 /Applications/MAMP/htdocs/kasir/system/View/View.php(222): CodeIgniter\View\View->CodeIgniter\View\{closure}()
#3 /Applications/MAMP/htdocs/kasir/system/View/View.php(236): CodeIgniter\View\View->render('layout', Array, true)
#4 /Applications/MAMP/htdocs/kasir/system/Common.php(1217): CodeIgniter\View\View->render('produk/daftar_p...', Array, true)
#5 /Applications/MAMP/htdocs/kasir/app/Controllers/Produk.php(24): view('produk/daftar_p...', Array)
#6 /Applications/MAMP/htdocs/kasir/system/CodeIgniter.php(936): App\Controllers\Produk->index()
#7 /Applications/MAMP/htdocs/kasir/system/CodeIgniter.php(432): CodeIgniter\CodeIgniter->runController(Object(App\Controllers\Produk))
#8 /Applications/MAMP/htdocs/kasir/system/CodeIgniter.php(333): CodeIgniter\CodeIgniter->handleRequest(NULL, Object(Config\Cache), false)
#9 /Applications/MAMP/htdocs/kasir/index.php(43): CodeIgniter\CodeIgniter->run()
#10 {main}
CRITICAL - 2022-09-07 19:01:14 --> Trying to get property 'image' of non-object
#0 /Applications/MAMP/htdocs/kasir/app/Views/layout.php(36): CodeIgniter\Debug\Exceptions->errorHandler(8, 'Trying to get p...', '/Applications/M...', 36, Array)
#1 /Applications/MAMP/htdocs/kasir/system/View/View.php(220): include('/Applications/M...')
#2 /Applications/MAMP/htdocs/kasir/system/View/View.php(222): CodeIgniter\View\View->CodeIgniter\View\{closure}()
#3 /Applications/MAMP/htdocs/kasir/system/View/View.php(236): CodeIgniter\View\View->render('layout', Array, true)
#4 /Applications/MAMP/htdocs/kasir/system/Common.php(1217): CodeIgniter\View\View->render('produk/tambah_p...', Array, true)
#5 /Applications/MAMP/htdocs/kasir/app/Controllers/Produk.php(38): view('produk/tambah_p...', Array)
#6 /Applications/MAMP/htdocs/kasir/system/CodeIgniter.php(936): App\Controllers\Produk->tambah_produk()
#7 /Applications/MAMP/htdocs/kasir/system/CodeIgniter.php(432): CodeIgniter\CodeIgniter->runController(Object(App\Controllers\Produk))
#8 /Applications/MAMP/htdocs/kasir/system/CodeIgniter.php(333): CodeIgniter\CodeIgniter->handleRequest(NULL, Object(Config\Cache), false)
#9 /Applications/MAMP/htdocs/kasir/index.php(43): CodeIgniter\CodeIgniter->run()
#10 {main}
ERROR - 2022-09-07 19:01:54 --> mysqli_sql_exception: Column 'stok' cannot be null in /Applications/MAMP/htdocs/kasir/system/Database/MySQLi/Connection.php:314
Stack trace:
#0 /Applications/MAMP/htdocs/kasir/system/Database/MySQLi/Connection.php(314): mysqli->query('INSERT INTO `tb...')
#1 /Applications/MAMP/htdocs/kasir/system/Database/BaseConnection.php(685): CodeIgniter\Database\MySQLi\Connection->execute('INSERT INTO `tb...')
#2 /Applications/MAMP/htdocs/kasir/system/Database/BaseConnection.php(621): CodeIgniter\Database\BaseConnection->simpleQuery('INSERT INTO `tb...')
#3 /Applications/MAMP/htdocs/kasir/system/Database/BaseBuilder.php(2263): CodeIgniter\Database\BaseConnection->query('INSERT INTO `tb...', Array, false)
#4 /Applications/MAMP/htdocs/kasir/app/Models/insertModel.php(12): CodeIgniter\Database\BaseBuilder->insert(Array)
#5 /Applications/MAMP/htdocs/kasir/app/Controllers/Produk.php(62): App\Models\insertModel->insertProduk(Array)
#6 /Applications/MAMP/htdocs/kasir/system/CodeIgniter.php(936): App\Controllers\Produk->simpan_produk()
#7 /Applications/MAMP/htdocs/kasir/system/CodeIgniter.php(432): CodeIgniter\CodeIgniter->runController(Object(App\Controllers\Produk))
#8 /Applications/MAMP/htdocs/kasir/system/CodeIgniter.php(333): CodeIgniter\CodeIgniter->handleRequest(NULL, Object(Config\Cache), false)
#9 /Applications/MAMP/htdocs/kasir/index.php(43): CodeIgniter\CodeIgniter->run()
#10 {main}
CRITICAL - 2022-09-07 19:01:54 --> Column 'stok' cannot be null
#0 /Applications/MAMP/htdocs/kasir/system/Database/MySQLi/Connection.php(314): mysqli->query('INSERT INTO `tb...')
#1 /Applications/MAMP/htdocs/kasir/system/Database/BaseConnection.php(685): CodeIgniter\Database\MySQLi\Connection->execute('INSERT INTO `tb...')
#2 /Applications/MAMP/htdocs/kasir/system/Database/BaseConnection.php(621): CodeIgniter\Database\BaseConnection->simpleQuery('INSERT INTO `tb...')
#3 /Applications/MAMP/htdocs/kasir/system/Database/BaseBuilder.php(2263): CodeIgniter\Database\BaseConnection->query('INSERT INTO `tb...', Array, false)
#4 /Applications/MAMP/htdocs/kasir/app/Models/insertModel.php(12): CodeIgniter\Database\BaseBuilder->insert(Array)
#5 /Applications/MAMP/htdocs/kasir/app/Controllers/Produk.php(62): App\Models\insertModel->insertProduk(Array)
#6 /Applications/MAMP/htdocs/kasir/system/CodeIgniter.php(936): App\Controllers\Produk->simpan_produk()
#7 /Applications/MAMP/htdocs/kasir/system/CodeIgniter.php(432): CodeIgniter\CodeIgniter->runController(Object(App\Controllers\Produk))
#8 /Applications/MAMP/htdocs/kasir/system/CodeIgniter.php(333): CodeIgniter\CodeIgniter->handleRequest(NULL, Object(Config\Cache), false)
#9 /Applications/MAMP/htdocs/kasir/index.php(43): CodeIgniter\CodeIgniter->run()
#10 {main}
ERROR - 2022-09-07 19:04:44 --> mysqli_sql_exception: Column 'stok' cannot be null in /Applications/MAMP/htdocs/kasir/system/Database/MySQLi/Connection.php:314
Stack trace:
#0 /Applications/MAMP/htdocs/kasir/system/Database/MySQLi/Connection.php(314): mysqli->query('INSERT INTO `tb...')
#1 /Applications/MAMP/htdocs/kasir/system/Database/BaseConnection.php(685): CodeIgniter\Database\MySQLi\Connection->execute('INSERT INTO `tb...')
#2 /Applications/MAMP/htdocs/kasir/system/Database/BaseConnection.php(621): CodeIgniter\Database\BaseConnection->simpleQuery('INSERT INTO `tb...')
#3 /Applications/MAMP/htdocs/kasir/system/Database/BaseBuilder.php(2263): CodeIgniter\Database\BaseConnection->query('INSERT INTO `tb...', Array, false)
#4 /Applications/MAMP/htdocs/kasir/app/Models/insertModel.php(12): CodeIgniter\Database\BaseBuilder->insert(Array)
#5 /Applications/MAMP/htdocs/kasir/app/Controllers/Produk.php(62): App\Models\insertModel->insertProduk(Array)
#6 /Applications/MAMP/htdocs/kasir/system/CodeIgniter.php(936): App\Controllers\Produk->simpan_produk()
#7 /Applications/MAMP/htdocs/kasir/system/CodeIgniter.php(432): CodeIgniter\CodeIgniter->runController(Object(App\Controllers\Produk))
#8 /Applications/MAMP/htdocs/kasir/system/CodeIgniter.php(333): CodeIgniter\CodeIgniter->handleRequest(NULL, Object(Config\Cache), false)
#9 /Applications/MAMP/htdocs/kasir/index.php(43): CodeIgniter\CodeIgniter->run()
#10 {main}
CRITICAL - 2022-09-07 19:04:44 --> Column 'stok' cannot be null
#0 /Applications/MAMP/htdocs/kasir/system/Database/MySQLi/Connection.php(314): mysqli->query('INSERT INTO `tb...')
#1 /Applications/MAMP/htdocs/kasir/system/Database/BaseConnection.php(685): CodeIgniter\Database\MySQLi\Connection->execute('INSERT INTO `tb...')
#2 /Applications/MAMP/htdocs/kasir/system/Database/BaseConnection.php(621): CodeIgniter\Database\BaseConnection->simpleQuery('INSERT INTO `tb...')
#3 /Applications/MAMP/htdocs/kasir/system/Database/BaseBuilder.php(2263): CodeIgniter\Database\BaseConnection->query('INSERT INTO `tb...', Array, false)
#4 /Applications/MAMP/htdocs/kasir/app/Models/insertModel.php(12): CodeIgniter\Database\BaseBuilder->insert(Array)
#5 /Applications/MAMP/htdocs/kasir/app/Controllers/Produk.php(62): App\Models\insertModel->insertProduk(Array)
#6 /Applications/MAMP/htdocs/kasir/system/CodeIgniter.php(936): App\Controllers\Produk->simpan_produk()
#7 /Applications/MAMP/htdocs/kasir/system/CodeIgniter.php(432): CodeIgniter\CodeIgniter->runController(Object(App\Controllers\Produk))
#8 /Applications/MAMP/htdocs/kasir/system/CodeIgniter.php(333): CodeIgniter\CodeIgniter->handleRequest(NULL, Object(Config\Cache), false)
#9 /Applications/MAMP/htdocs/kasir/index.php(43): CodeIgniter\CodeIgniter->run()
#10 {main}
ERROR - 2022-09-07 19:05:22 --> mysqli_sql_exception: Column 'stok' cannot be null in /Applications/MAMP/htdocs/kasir/system/Database/MySQLi/Connection.php:314
Stack trace:
#0 /Applications/MAMP/htdocs/kasir/system/Database/MySQLi/Connection.php(314): mysqli->query('INSERT INTO `tb...')
#1 /Applications/MAMP/htdocs/kasir/system/Database/BaseConnection.php(685): CodeIgniter\Database\MySQLi\Connection->execute('INSERT INTO `tb...')
#2 /Applications/MAMP/htdocs/kasir/system/Database/BaseConnection.php(621): CodeIgniter\Database\BaseConnection->simpleQuery('INSERT INTO `tb...')
#3 /Applications/MAMP/htdocs/kasir/system/Database/BaseBuilder.php(2263): CodeIgniter\Database\BaseConnection->query('INSERT INTO `tb...', Array, false)
#4 /Applications/MAMP/htdocs/kasir/app/Models/insertModel.php(12): CodeIgniter\Database\BaseBuilder->insert(Array)
#5 /Applications/MAMP/htdocs/kasir/app/Controllers/Produk.php(62): App\Models\insertModel->insertProduk(Array)
#6 /Applications/MAMP/htdocs/kasir/system/CodeIgniter.php(936): App\Controllers\Produk->simpan_produk()
#7 /Applications/MAMP/htdocs/kasir/system/CodeIgniter.php(432): CodeIgniter\CodeIgniter->runController(Object(App\Controllers\Produk))
#8 /Applications/MAMP/htdocs/kasir/system/CodeIgniter.php(333): CodeIgniter\CodeIgniter->handleRequest(NULL, Object(Config\Cache), false)
#9 /Applications/MAMP/htdocs/kasir/index.php(43): CodeIgniter\CodeIgniter->run()
#10 {main}
CRITICAL - 2022-09-07 19:05:22 --> Column 'stok' cannot be null
#0 /Applications/MAMP/htdocs/kasir/system/Database/MySQLi/Connection.php(314): mysqli->query('INSERT INTO `tb...')
#1 /Applications/MAMP/htdocs/kasir/system/Database/BaseConnection.php(685): CodeIgniter\Database\MySQLi\Connection->execute('INSERT INTO `tb...')
#2 /Applications/MAMP/htdocs/kasir/system/Database/BaseConnection.php(621): CodeIgniter\Database\BaseConnection->simpleQuery('INSERT INTO `tb...')
#3 /Applications/MAMP/htdocs/kasir/system/Database/BaseBuilder.php(2263): CodeIgniter\Database\BaseConnection->query('INSERT INTO `tb...', Array, false)
#4 /Applications/MAMP/htdocs/kasir/app/Models/insertModel.php(12): CodeIgniter\Database\BaseBuilder->insert(Array)
#5 /Applications/MAMP/htdocs/kasir/app/Controllers/Produk.php(62): App\Models\insertModel->insertProduk(Array)
#6 /Applications/MAMP/htdocs/kasir/system/CodeIgniter.php(936): App\Controllers\Produk->simpan_produk()
#7 /Applications/MAMP/htdocs/kasir/system/CodeIgniter.php(432): CodeIgniter\CodeIgniter->runController(Object(App\Controllers\Produk))
#8 /Applications/MAMP/htdocs/kasir/system/CodeIgniter.php(333): CodeIgniter\CodeIgniter->handleRequest(NULL, Object(Config\Cache), false)
#9 /Applications/MAMP/htdocs/kasir/index.php(43): CodeIgniter\CodeIgniter->run()
#10 {main}
CRITICAL - 2022-09-07 19:27:46 --> Too few arguments to function App\Models\getModel::getProdukById(), 0 passed in /Applications/MAMP/htdocs/kasir/app/Controllers/Produk.php on line 72 and exactly 1 expected
#0 /Applications/MAMP/htdocs/kasir/app/Controllers/Produk.php(72): App\Models\getModel->getProdukById()
#1 /Applications/MAMP/htdocs/kasir/system/CodeIgniter.php(936): App\Controllers\Produk->edit_produk('1')
#2 /Applications/MAMP/htdocs/kasir/system/CodeIgniter.php(432): CodeIgniter\CodeIgniter->runController(Object(App\Controllers\Produk))
#3 /Applications/MAMP/htdocs/kasir/system/CodeIgniter.php(333): CodeIgniter\CodeIgniter->handleRequest(NULL, Object(Config\Cache), false)
#4 /Applications/MAMP/htdocs/kasir/index.php(43): CodeIgniter\CodeIgniter->run()
#5 {main}
